{"C:\\Users\\awint\\Documents\\Projects\\portal-webservice\\webservice\\src\\auth\\auth.controller.ts": {"path":"C:\\Users\\awint\\Documents\\Projects\\portal-webservice\\webservice\\src\\auth\\auth.controller.ts","statementMap":{"0":{"start":{"line":1,"column":0},"end":{"line":1,"column":55}},"1":{"start":{"line":2,"column":0},"end":{"line":2,"column":45}},"2":{"start":{"line":5,"column":0},"end":{"line":17,"column":null}},"3":{"start":{"line":6,"column":31},"end":{"line":6,"column":44}},"4":{"start":{"line":10,"column":4},"end":{"line":10,"column":43}},"5":{"start":{"line":15,"column":4},"end":{"line":15,"column":39}},"6":{"start":{"line":9,"column":2},"end":{"line":11,"column":null}},"7":{"start":{"line":14,"column":2},"end":{"line":16,"column":null}},"8":{"start":{"line":5,"column":13},"end":{"line":17,"column":null}},"9":{"start":{"line":5,"column":13},"end":{"line":5,"column":27}}},"fnMap":{"0":{"name":"(anonymous_2)","decl":{"start":{"line":6,"column":2},"end":{"line":6,"column":31}},"loc":{"start":{"line":6,"column":55},"end":{"line":6,"column":59}}},"1":{"name":"(anonymous_3)","decl":{"start":{"line":9,"column":2},"end":{"line":9,"column":14}},"loc":{"start":{"line":9,"column":14},"end":{"line":11,"column":3}}},"2":{"name":"(anonymous_4)","decl":{"start":{"line":14,"column":2},"end":{"line":14,"column":10}},"loc":{"start":{"line":14,"column":10},"end":{"line":16,"column":3}}}},"branchMap":{},"s":{"0":1,"1":1,"2":1,"3":3,"4":1,"5":0,"6":1,"7":1,"8":1,"9":1},"f":{"0":3,"1":1,"2":0},"b":{}}
,"C:\\Users\\awint\\Documents\\Projects\\portal-webservice\\webservice\\src\\auth\\auth.service.ts": {"path":"C:\\Users\\awint\\Documents\\Projects\\portal-webservice\\webservice\\src\\auth\\auth.service.ts","statementMap":{"0":{"start":{"line":1,"column":0},"end":{"line":1,"column":44}},"1":{"start":{"line":4,"column":0},"end":{"line":14,"column":null}},"2":{"start":{"line":7,"column":8},"end":{"line":7,"column":null}},"3":{"start":{"line":11,"column":8},"end":{"line":11,"column":null}},"4":{"start":{"line":4,"column":13},"end":{"line":14,"column":null}},"5":{"start":{"line":4,"column":13},"end":{"line":4,"column":24}}},"fnMap":{"0":{"name":"(anonymous_1)","decl":{"start":{"line":6,"column":4},"end":{"line":6,"column":16}},"loc":{"start":{"line":6,"column":16},"end":{"line":8,"column":5}}},"1":{"name":"(anonymous_2)","decl":{"start":{"line":10,"column":4},"end":{"line":10,"column":12}},"loc":{"start":{"line":10,"column":12},"end":{"line":12,"column":5}}}},"branchMap":{},"s":{"0":2,"1":2,"2":0,"3":0,"4":2,"5":2},"f":{"0":0,"1":0},"b":{}}
,"C:\\Users\\awint\\Documents\\Projects\\portal-webservice\\webservice\\src\\aws\\aws.service.ts": {"path":"C:\\Users\\awint\\Documents\\Projects\\portal-webservice\\webservice\\src\\aws\\aws.service.ts","statementMap":{"0":{"start":{"line":1,"column":0},"end":{"line":1,"column":52}},"1":{"start":{"line":2,"column":0},"end":{"line":2,"column":31}},"2":{"start":{"line":5,"column":0},"end":{"line":27,"column":null}},"3":{"start":{"line":6,"column":10},"end":{"line":6,"column":44}},"4":{"start":{"line":9,"column":25},"end":{"line":9,"column":38}},"5":{"start":{"line":11,"column":4},"end":{"line":25,"column":17}},"6":{"start":{"line":17,"column":10},"end":{"line":22,"column":null}},"7":{"start":{"line":19,"column":12},"end":{"line":21,"column":14}},"8":{"start":{"line":5,"column":13},"end":{"line":27,"column":null}},"9":{"start":{"line":5,"column":13},"end":{"line":5,"column":23}}},"fnMap":{"0":{"name":"(anonymous_1)","decl":{"start":{"line":5,"column":0},"end":{"line":5,"column":13}},"loc":{"start":{"line":5,"column":0},"end":{"line":27,"column":1}}},"1":{"name":"(anonymous_2)","decl":{"start":{"line":8,"column":2},"end":{"line":8,"column":7}},"loc":{"start":{"line":8,"column":42},"end":{"line":26,"column":3}}},"2":{"name":"(anonymous_3)","decl":{"start":{"line":16,"column":8},"end":{"line":16,"column":9}},"loc":{"start":{"line":16,"column":22},"end":{"line":23,"column":9}}}},"branchMap":{"0":{"loc":{"start":{"line":17,"column":10},"end":{"line":22,"column":null}},"type":"if","locations":[{"start":{"line":17,"column":10},"end":{"line":22,"column":null}},{"start":{"line":17,"column":10},"end":{"line":22,"column":null}}]}},"s":{"0":3,"1":3,"2":3,"3":0,"4":0,"5":0,"6":0,"7":0,"8":3,"9":3},"f":{"0":0,"1":0,"2":0},"b":{"0":[0,0]}}
,"C:\\Users\\awint\\Documents\\Projects\\portal-webservice\\webservice\\src\\content\\content.controller.ts": {"path":"C:\\Users\\awint\\Documents\\Projects\\portal-webservice\\webservice\\src\\content\\content.controller.ts","statementMap":{"0":{"start":{"line":1,"column":0},"end":{"line":1,"column":null}},"1":{"start":{"line":11,"column":0},"end":{"line":11,"column":51}},"2":{"start":{"line":12,"column":0},"end":{"line":12,"column":60}},"3":{"start":{"line":14,"column":0},"end":{"line":14,"column":64}},"4":{"start":{"line":15,"column":0},"end":{"line":15,"column":60}},"5":{"start":{"line":16,"column":0},"end":{"line":16,"column":42}},"6":{"start":{"line":20,"column":0},"end":{"line":61,"column":null}},"7":{"start":{"line":21,"column":31},"end":{"line":21,"column":47}},"8":{"start":{"line":24,"column":4},"end":{"line":24,"column":40}},"9":{"start":{"line":29,"column":4},"end":{"line":29,"column":40}},"10":{"start":{"line":34,"column":4},"end":{"line":34,"column":50}},"11":{"start":{"line":39,"column":4},"end":{"line":39,"column":53}},"12":{"start":{"line":44,"column":4},"end":{"line":44,"column":57}},"13":{"start":{"line":50,"column":4},"end":{"line":50,"column":60}},"14":{"start":{"line":59,"column":4},"end":{"line":59,"column":64}},"15":{"start":{"line":28,"column":2},"end":{"line":30,"column":null}},"16":{"start":{"line":33,"column":2},"end":{"line":35,"column":null}},"17":{"start":{"line":38,"column":2},"end":{"line":40,"column":null}},"18":{"start":{"line":43,"column":2},"end":{"line":45,"column":null}},"19":{"start":{"line":49,"column":2},"end":{"line":51,"column":null}},"20":{"start":{"line":55,"column":2},"end":{"line":60,"column":null}},"21":{"start":{"line":20,"column":13},"end":{"line":61,"column":null}},"22":{"start":{"line":20,"column":13},"end":{"line":20,"column":30}}},"fnMap":{"0":{"name":"(anonymous_4)","decl":{"start":{"line":21,"column":2},"end":{"line":21,"column":31}},"loc":{"start":{"line":21,"column":61},"end":{"line":21,"column":65}}},"1":{"name":"(anonymous_5)","decl":{"start":{"line":23,"column":9},"end":{"line":23,"column":15}},"loc":{"start":{"line":23,"column":15},"end":{"line":25,"column":3}}},"2":{"name":"(anonymous_6)","decl":{"start":{"line":28,"column":2},"end":{"line":28,"column":8}},"loc":{"start":{"line":28,"column":8},"end":{"line":30,"column":3}}},"3":{"name":"(anonymous_7)","decl":{"start":{"line":33,"column":2},"end":{"line":33,"column":16}},"loc":{"start":{"line":33,"column":40},"end":{"line":35,"column":3}}},"4":{"name":"(anonymous_8)","decl":{"start":{"line":38,"column":2},"end":{"line":38,"column":19}},"loc":{"start":{"line":38,"column":43},"end":{"line":40,"column":3}}},"5":{"name":"(anonymous_9)","decl":{"start":{"line":43,"column":2},"end":{"line":43,"column":18}},"loc":{"start":{"line":43,"column":52},"end":{"line":45,"column":3}}},"6":{"name":"(anonymous_10)","decl":{"start":{"line":49,"column":2},"end":{"line":49,"column":15}},"loc":{"start":{"line":49,"column":55},"end":{"line":51,"column":3}}},"7":{"name":"(anonymous_11)","decl":{"start":{"line":55,"column":2},"end":{"line":55,"column":15}},"loc":{"start":{"line":57,"column":43},"end":{"line":60,"column":3}}}},"branchMap":{},"s":{"0":1,"1":1,"2":1,"3":1,"4":1,"5":1,"6":1,"7":3,"8":1,"9":0,"10":0,"11":0,"12":0,"13":0,"14":0,"15":1,"16":1,"17":1,"18":1,"19":1,"20":1,"21":1,"22":1},"f":{"0":3,"1":1,"2":0,"3":0,"4":0,"5":0,"6":0,"7":0},"b":{}}
,"C:\\Users\\awint\\Documents\\Projects\\portal-webservice\\webservice\\src\\content\\content.service.ts": {"path":"C:\\Users\\awint\\Documents\\Projects\\portal-webservice\\webservice\\src\\content\\content.service.ts","statementMap":{"0":{"start":{"line":1,"column":0},"end":{"line":1,"column":33}},"1":{"start":{"line":2,"column":0},"end":{"line":2,"column":44}},"2":{"start":{"line":3,"column":0},"end":{"line":3,"column":47}},"3":{"start":{"line":8,"column":0},"end":{"line":8,"column":32}},"4":{"start":{"line":9,"column":0},"end":{"line":9,"column":66}},"5":{"start":{"line":12,"column":0},"end":{"line":115,"column":null}},"6":{"start":{"line":14,"column":45},"end":{"line":14,"column":59}},"7":{"start":{"line":16,"column":21},"end":{"line":16,"column":42}},"8":{"start":{"line":20,"column":4},"end":{"line":20,"column":11}},"9":{"start":{"line":24,"column":4},"end":{"line":24,"column":49}},"10":{"start":{"line":28,"column":20},"end":{"line":28,"column":56}},"11":{"start":{"line":29,"column":4},"end":{"line":29,"column":48}},"12":{"start":{"line":33,"column":21},"end":{"line":33,"column":43}},"13":{"start":{"line":34,"column":4},"end":{"line":34,"column":55}},"14":{"start":{"line":35,"column":4},"end":{"line":35,"column":29}},"15":{"start":{"line":39,"column":20},"end":{"line":41,"column":13}},"16":{"start":{"line":42,"column":4},"end":{"line":42,"column":48}},"17":{"start":{"line":46,"column":20},"end":{"line":46,"column":72}},"18":{"start":{"line":47,"column":4},"end":{"line":47,"column":48}},"19":{"start":{"line":55,"column":4},"end":{"line":55,"column":47}},"20":{"start":{"line":56,"column":4},"end":{"line":59,"column":6}},"21":{"start":{"line":60,"column":20},"end":{"line":63,"column":null}},"22":{"start":{"line":65,"column":4},"end":{"line":65,"column":48}},"23":{"start":{"line":69,"column":4},"end":{"line":69,"column":27}},"24":{"start":{"line":74,"column":21},"end":{"line":89,"column":null}},"25":{"start":{"line":91,"column":4},"end":{"line":91,"column":22}},"26":{"start":{"line":98,"column":36},"end":{"line":100,"column":13}},"27":{"start":{"line":101,"column":41},"end":{"line":101,"column":43}},"28":{"start":{"line":102,"column":4},"end":{"line":108,"column":null}},"29":{"start":{"line":105,"column":6},"end":{"line":105,"column":39}},"30":{"start":{"line":106,"column":6},"end":{"line":106,"column":49}},"31":{"start":{"line":107,"column":6},"end":{"line":107,"column":49}},"32":{"start":{"line":109,"column":20},"end":{"line":111,"column":13}},"33":{"start":{"line":112,"column":4},"end":{"line":112,"column":52}},"34":{"start":{"line":113,"column":4},"end":{"line":113,"column":27}},"35":{"start":{"line":12,"column":13},"end":{"line":115,"column":null}},"36":{"start":{"line":12,"column":13},"end":{"line":12,"column":27}}},"fnMap":{"0":{"name":"(anonymous_4)","decl":{"start":{"line":13,"column":2},"end":{"line":13,"column":null}},"loc":{"start":{"line":16,"column":63},"end":{"line":17,"column":6}}},"1":{"name":"(anonymous_5)","decl":{"start":{"line":19,"column":9},"end":{"line":19,"column":15}},"loc":{"start":{"line":19,"column":15},"end":{"line":21,"column":3}}},"2":{"name":"(anonymous_6)","decl":{"start":{"line":23,"column":2},"end":{"line":23,"column":7}},"loc":{"start":{"line":23,"column":14},"end":{"line":25,"column":3}}},"3":{"name":"(anonymous_7)","decl":{"start":{"line":27,"column":2},"end":{"line":27,"column":7}},"loc":{"start":{"line":27,"column":33},"end":{"line":30,"column":3}}},"4":{"name":"(anonymous_8)","decl":{"start":{"line":32,"column":2},"end":{"line":32,"column":7}},"loc":{"start":{"line":32,"column":36},"end":{"line":36,"column":3}}},"5":{"name":"(anonymous_9)","decl":{"start":{"line":38,"column":2},"end":{"line":38,"column":7}},"loc":{"start":{"line":38,"column":40},"end":{"line":43,"column":3}}},"6":{"name":"(anonymous_10)","decl":{"start":{"line":45,"column":2},"end":{"line":45,"column":7}},"loc":{"start":{"line":45,"column":56},"end":{"line":48,"column":3}}},"7":{"name":"(anonymous_11)","decl":{"start":{"line":50,"column":2},"end":{"line":50,"column":7}},"loc":{"start":{"line":52,"column":38},"end":{"line":66,"column":3}}},"8":{"name":"(anonymous_12)","decl":{"start":{"line":68,"column":2},"end":{"line":68,"column":15}},"loc":{"start":{"line":68,"column":15},"end":{"line":70,"column":3}}},"9":{"name":"(anonymous_13)","decl":{"start":{"line":73,"column":10},"end":{"line":73,"column":32}},"loc":{"start":{"line":73,"column":49},"end":{"line":92,"column":3}}},"10":{"name":"(anonymous_14)","decl":{"start":{"line":94,"column":10},"end":{"line":94,"column":15}},"loc":{"start":{"line":96,"column":30},"end":{"line":114,"column":3}}}},"branchMap":{},"s":{"0":2,"1":2,"2":2,"3":2,"4":2,"5":2,"6":7,"7":7,"8":0,"9":0,"10":0,"11":0,"12":0,"13":0,"14":0,"15":0,"16":0,"17":0,"18":0,"19":0,"20":0,"21":0,"22":0,"23":0,"24":0,"25":0,"26":0,"27":0,"28":0,"29":0,"30":0,"31":0,"32":0,"33":0,"34":0,"35":2,"36":2},"f":{"0":7,"1":0,"2":0,"3":0,"4":0,"5":0,"6":0,"7":0,"8":0,"9":0,"10":0},"b":{}}
,"C:\\Users\\awint\\Documents\\Projects\\portal-webservice\\webservice\\src\\content\\dto\\create-content.dto.ts": {"path":"C:\\Users\\awint\\Documents\\Projects\\portal-webservice\\webservice\\src\\content\\dto\\create-content.dto.ts","statementMap":{"0":{"start":{"line":1,"column":0},"end":{"line":1,"column":46}},"1":{"start":{"line":8,"column":4},"end":{"line":8,"column":null}},"2":{"start":{"line":11,"column":4},"end":{"line":11,"column":null}},"3":{"start":{"line":14,"column":4},"end":{"line":14,"column":null}},"4":{"start":{"line":17,"column":4},"end":{"line":17,"column":null}},"5":{"start":{"line":20,"column":4},"end":{"line":20,"column":null}},"6":{"start":{"line":23,"column":4},"end":{"line":23,"column":null}},"7":{"start":{"line":26,"column":4},"end":{"line":26,"column":null}},"8":{"start":{"line":29,"column":4},"end":{"line":29,"column":null}},"9":{"start":{"line":32,"column":4},"end":{"line":32,"column":null}},"10":{"start":{"line":35,"column":4},"end":{"line":35,"column":null}},"11":{"start":{"line":38,"column":4},"end":{"line":38,"column":null}},"12":{"start":{"line":41,"column":4},"end":{"line":41,"column":null}},"13":{"start":{"line":44,"column":4},"end":{"line":44,"column":null}},"14":{"start":{"line":47,"column":4},"end":{"line":47,"column":null}},"15":{"start":{"line":50,"column":4},"end":{"line":50,"column":null}},"16":{"start":{"line":53,"column":4},"end":{"line":53,"column":null}},"17":{"start":{"line":56,"column":4},"end":{"line":56,"column":null}},"18":{"start":{"line":59,"column":4},"end":{"line":59,"column":null}},"19":{"start":{"line":62,"column":4},"end":{"line":62,"column":null}},"20":{"start":{"line":65,"column":4},"end":{"line":65,"column":null}},"21":{"start":{"line":68,"column":4},"end":{"line":68,"column":null}},"22":{"start":{"line":71,"column":4},"end":{"line":71,"column":null}},"23":{"start":{"line":74,"column":4},"end":{"line":74,"column":null}},"24":{"start":{"line":77,"column":4},"end":{"line":77,"column":null}},"25":{"start":{"line":80,"column":4},"end":{"line":80,"column":null}},"26":{"start":{"line":83,"column":4},"end":{"line":83,"column":null}},"27":{"start":{"line":86,"column":4},"end":{"line":86,"column":null}},"28":{"start":{"line":3,"column":0},"end":{"line":3,"column":13}}},"fnMap":{},"branchMap":{},"s":{"0":1,"1":1,"2":1,"3":1,"4":1,"5":1,"6":1,"7":1,"8":1,"9":1,"10":1,"11":1,"12":1,"13":1,"14":1,"15":1,"16":1,"17":1,"18":1,"19":1,"20":1,"21":1,"22":1,"23":1,"24":1,"25":1,"26":1,"27":1,"28":1},"f":{},"b":{}}
,"C:\\Users\\awint\\Documents\\Projects\\portal-webservice\\webservice\\src\\content\\dto\\update-content.dto.ts": {"path":"C:\\Users\\awint\\Documents\\Projects\\portal-webservice\\webservice\\src\\content\\dto\\update-content.dto.ts","statementMap":{"0":{"start":{"line":1,"column":0},"end":{"line":1,"column":46}},"1":{"start":{"line":69,"column":4},"end":{"line":69,"column":39}},"2":{"start":{"line":78,"column":6},"end":{"line":78,"column":24}},"3":{"start":{"line":6,"column":4},"end":{"line":6,"column":null}},"4":{"start":{"line":9,"column":4},"end":{"line":9,"column":null}},"5":{"start":{"line":12,"column":4},"end":{"line":12,"column":null}},"6":{"start":{"line":15,"column":4},"end":{"line":15,"column":null}},"7":{"start":{"line":18,"column":4},"end":{"line":18,"column":null}},"8":{"start":{"line":21,"column":4},"end":{"line":21,"column":null}},"9":{"start":{"line":24,"column":4},"end":{"line":24,"column":null}},"10":{"start":{"line":27,"column":4},"end":{"line":27,"column":null}},"11":{"start":{"line":30,"column":4},"end":{"line":30,"column":null}},"12":{"start":{"line":33,"column":4},"end":{"line":33,"column":null}},"13":{"start":{"line":36,"column":4},"end":{"line":36,"column":null}},"14":{"start":{"line":39,"column":4},"end":{"line":39,"column":null}},"15":{"start":{"line":42,"column":4},"end":{"line":42,"column":null}},"16":{"start":{"line":45,"column":4},"end":{"line":45,"column":null}},"17":{"start":{"line":48,"column":4},"end":{"line":48,"column":null}},"18":{"start":{"line":51,"column":4},"end":{"line":51,"column":null}},"19":{"start":{"line":54,"column":4},"end":{"line":54,"column":null}},"20":{"start":{"line":57,"column":4},"end":{"line":57,"column":null}},"21":{"start":{"line":60,"column":4},"end":{"line":60,"column":null}},"22":{"start":{"line":63,"column":4},"end":{"line":63,"column":null}},"23":{"start":{"line":66,"column":4},"end":{"line":66,"column":null}},"24":{"start":{"line":69,"column":4},"end":{"line":69,"column":null}},"25":{"start":{"line":72,"column":4},"end":{"line":72,"column":null}},"26":{"start":{"line":75,"column":4},"end":{"line":75,"column":null}},"27":{"start":{"line":3,"column":0},"end":{"line":3,"column":13}}},"fnMap":{"0":{"name":"(anonymous_2)","decl":{"start":{"line":3,"column":0},"end":{"line":3,"column":13}},"loc":{"start":{"line":3,"column":0},"end":{"line":80,"column":3}}},"1":{"name":"(anonymous_3)","decl":{"start":{"line":77,"column":12},"end":{"line":77,"column":23}},"loc":{"start":{"line":77,"column":23},"end":{"line":79,"column":5}}}},"branchMap":{},"s":{"0":1,"1":0,"2":0,"3":1,"4":1,"5":1,"6":1,"7":1,"8":1,"9":1,"10":1,"11":1,"12":1,"13":1,"14":1,"15":1,"16":1,"17":1,"18":1,"19":1,"20":1,"21":1,"22":1,"23":1,"24":1,"25":1,"26":1,"27":1},"f":{"0":0,"1":0},"b":{}}
,"C:\\Users\\awint\\Documents\\Projects\\portal-webservice\\webservice\\src\\content\\pipes\\content-create.pipe.ts": {"path":"C:\\Users\\awint\\Documents\\Projects\\portal-webservice\\webservice\\src\\content\\pipes\\content-create.pipe.ts","statementMap":{"0":{"start":{"line":1,"column":0},"end":{"line":1,"column":77}},"1":{"start":{"line":4,"column":0},"end":{"line":57,"column":null}},"2":{"start":{"line":6,"column":4},"end":{"line":6,"column":46}},"3":{"start":{"line":8,"column":4},"end":{"line":10,"column":null}},"4":{"start":{"line":9,"column":6},"end":{"line":9,"column":70}},"5":{"start":{"line":12,"column":4},"end":{"line":14,"column":null}},"6":{"start":{"line":13,"column":6},"end":{"line":13,"column":67}},"7":{"start":{"line":16,"column":4},"end":{"line":18,"column":null}},"8":{"start":{"line":17,"column":6},"end":{"line":17,"column":68}},"9":{"start":{"line":20,"column":4},"end":{"line":22,"column":null}},"10":{"start":{"line":21,"column":6},"end":{"line":21,"column":80}},"11":{"start":{"line":24,"column":4},"end":{"line":26,"column":null}},"12":{"start":{"line":25,"column":6},"end":{"line":25,"column":72}},"13":{"start":{"line":28,"column":4},"end":{"line":28,"column":17}},"14":{"start":{"line":32,"column":4},"end":{"line":32,"column":80}},"15":{"start":{"line":36,"column":4},"end":{"line":36,"column":69}},"16":{"start":{"line":41,"column":4},"end":{"line":55,"column":6}},"17":{"start":{"line":4,"column":13},"end":{"line":57,"column":null}},"18":{"start":{"line":4,"column":13},"end":{"line":4,"column":30}}},"fnMap":{"0":{"name":"(anonymous_1)","decl":{"start":{"line":5,"column":2},"end":{"line":5,"column":11}},"loc":{"start":{"line":5,"column":50},"end":{"line":29,"column":3}}},"1":{"name":"(anonymous_2)","decl":{"start":{"line":31,"column":10},"end":{"line":31,"column":31}},"loc":{"start":{"line":31,"column":45},"end":{"line":33,"column":3}}},"2":{"name":"(anonymous_3)","decl":{"start":{"line":35,"column":10},"end":{"line":35,"column":33}},"loc":{"start":{"line":35,"column":47},"end":{"line":37,"column":3}}},"3":{"name":"(anonymous_4)","decl":{"start":{"line":40,"column":10},"end":{"line":40,"column":28}},"loc":{"start":{"line":40,"column":42},"end":{"line":56,"column":3}}}},"branchMap":{"0":{"loc":{"start":{"line":8,"column":4},"end":{"line":10,"column":null}},"type":"if","locations":[{"start":{"line":8,"column":4},"end":{"line":10,"column":null}},{"start":{"line":8,"column":4},"end":{"line":10,"column":null}}]},"1":{"loc":{"start":{"line":12,"column":4},"end":{"line":14,"column":null}},"type":"if","locations":[{"start":{"line":12,"column":4},"end":{"line":14,"column":null}},{"start":{"line":12,"column":4},"end":{"line":14,"column":null}}]},"2":{"loc":{"start":{"line":16,"column":4},"end":{"line":18,"column":null}},"type":"if","locations":[{"start":{"line":16,"column":4},"end":{"line":18,"column":null}},{"start":{"line":16,"column":4},"end":{"line":18,"column":null}}]},"3":{"loc":{"start":{"line":20,"column":4},"end":{"line":22,"column":null}},"type":"if","locations":[{"start":{"line":20,"column":4},"end":{"line":22,"column":null}},{"start":{"line":20,"column":4},"end":{"line":22,"column":null}}]},"4":{"loc":{"start":{"line":24,"column":4},"end":{"line":26,"column":null}},"type":"if","locations":[{"start":{"line":24,"column":4},"end":{"line":26,"column":null}},{"start":{"line":24,"column":4},"end":{"line":26,"column":null}}]}},"s":{"0":2,"1":2,"2":0,"3":0,"4":0,"5":0,"6":0,"7":0,"8":0,"9":0,"10":0,"11":0,"12":0,"13":0,"14":0,"15":0,"16":0,"17":2,"18":2},"f":{"0":0,"1":0,"2":0,"3":0},"b":{"0":[0,0],"1":[0,0],"2":[0,0],"3":[0,0],"4":[0,0]}}
,"C:\\Users\\awint\\Documents\\Projects\\portal-webservice\\webservice\\src\\server\\server.controller.ts": {"path":"C:\\Users\\awint\\Documents\\Projects\\portal-webservice\\webservice\\src\\server\\server.controller.ts","statementMap":{"0":{"start":{"line":10,"column":0},"end":{"line":10,"column":null}},"1":{"start":{"line":21,"column":0},"end":{"line":21,"column":49}},"2":{"start":{"line":22,"column":0},"end":{"line":22,"column":58}},"3":{"start":{"line":24,"column":0},"end":{"line":24,"column":58}},"4":{"start":{"line":25,"column":0},"end":{"line":25,"column":42}},"5":{"start":{"line":29,"column":0},"end":{"line":141,"column":null}},"6":{"start":{"line":32,"column":31},"end":{"line":32,"column":46}},"7":{"start":{"line":30,"column":10},"end":{"line":30,"column":40}},"8":{"start":{"line":36,"column":4},"end":{"line":36,"column":44}},"9":{"start":{"line":37,"column":4},"end":{"line":37,"column":43}},"10":{"start":{"line":44,"column":4},"end":{"line":44,"column":67}},"11":{"start":{"line":45,"column":4},"end":{"line":45,"column":70}},"12":{"start":{"line":50,"column":4},"end":{"line":52,"column":6}},"13":{"start":{"line":53,"column":4},"end":{"line":53,"column":57}},"14":{"start":{"line":60,"column":4},"end":{"line":60,"column":53}},"15":{"start":{"line":61,"column":4},"end":{"line":61,"column":70}},"16":{"start":{"line":66,"column":4},"end":{"line":66,"column":72}},"17":{"start":{"line":67,"column":4},"end":{"line":67,"column":69}},"18":{"start":{"line":74,"column":4},"end":{"line":74,"column":76}},"19":{"start":{"line":75,"column":4},"end":{"line":75,"column":72}},"20":{"start":{"line":80,"column":4},"end":{"line":80,"column":67}},"21":{"start":{"line":81,"column":4},"end":{"line":81,"column":60}},"22":{"start":{"line":89,"column":4},"end":{"line":91,"column":6}},"23":{"start":{"line":92,"column":4},"end":{"line":95,"column":6}},"24":{"start":{"line":102,"column":4},"end":{"line":102,"column":55}},"25":{"start":{"line":103,"column":4},"end":{"line":103,"column":72}},"26":{"start":{"line":110,"column":4},"end":{"line":110,"column":55}},"27":{"start":{"line":111,"column":4},"end":{"line":111,"column":72}},"28":{"start":{"line":120,"column":4},"end":{"line":122,"column":6}},"29":{"start":{"line":123,"column":4},"end":{"line":127,"column":6}},"30":{"start":{"line":135,"column":4},"end":{"line":135,"column":71}},"31":{"start":{"line":136,"column":4},"end":{"line":139,"column":6}},"32":{"start":{"line":35,"column":2},"end":{"line":38,"column":null}},"33":{"start":{"line":41,"column":2},"end":{"line":46,"column":null}},"34":{"start":{"line":49,"column":2},"end":{"line":54,"column":null}},"35":{"start":{"line":57,"column":2},"end":{"line":62,"column":null}},"36":{"start":{"line":65,"column":2},"end":{"line":68,"column":null}},"37":{"start":{"line":71,"column":2},"end":{"line":76,"column":null}},"38":{"start":{"line":79,"column":2},"end":{"line":82,"column":null}},"39":{"start":{"line":85,"column":2},"end":{"line":96,"column":null}},"40":{"start":{"line":99,"column":2},"end":{"line":104,"column":null}},"41":{"start":{"line":107,"column":2},"end":{"line":112,"column":null}},"42":{"start":{"line":115,"column":2},"end":{"line":128,"column":null}},"43":{"start":{"line":131,"column":2},"end":{"line":140,"column":null}},"44":{"start":{"line":29,"column":13},"end":{"line":141,"column":null}},"45":{"start":{"line":29,"column":13},"end":{"line":29,"column":29}}},"fnMap":{"0":{"name":"(anonymous_4)","decl":{"start":{"line":32,"column":2},"end":{"line":32,"column":31}},"loc":{"start":{"line":32,"column":59},"end":{"line":32,"column":63}}},"1":{"name":"(anonymous_5)","decl":{"start":{"line":35,"column":2},"end":{"line":35,"column":12}},"loc":{"start":{"line":35,"column":12},"end":{"line":38,"column":3}}},"2":{"name":"(anonymous_6)","decl":{"start":{"line":41,"column":2},"end":{"line":41,"column":23}},"loc":{"start":{"line":42,"column":41},"end":{"line":46,"column":3}}},"3":{"name":"(anonymous_7)","decl":{"start":{"line":49,"column":2},"end":{"line":49,"column":11}},"loc":{"start":{"line":49,"column":52},"end":{"line":54,"column":3}}},"4":{"name":"(anonymous_8)","decl":{"start":{"line":57,"column":2},"end":{"line":57,"column":23}},"loc":{"start":{"line":58,"column":41},"end":{"line":62,"column":3}}},"5":{"name":"(anonymous_9)","decl":{"start":{"line":65,"column":2},"end":{"line":65,"column":22}},"loc":{"start":{"line":65,"column":60},"end":{"line":68,"column":3}}},"6":{"name":"(anonymous_10)","decl":{"start":{"line":71,"column":2},"end":{"line":71,"column":23}},"loc":{"start":{"line":72,"column":45},"end":{"line":76,"column":3}}},"7":{"name":"(anonymous_11)","decl":{"start":{"line":79,"column":2},"end":{"line":79,"column":18}},"loc":{"start":{"line":79,"column":46},"end":{"line":82,"column":3}}},"8":{"name":"(anonymous_12)","decl":{"start":{"line":85,"column":2},"end":{"line":85,"column":25}},"loc":{"start":{"line":87,"column":44},"end":{"line":96,"column":3}}},"9":{"name":"(anonymous_13)","decl":{"start":{"line":99,"column":2},"end":{"line":99,"column":25}},"loc":{"start":{"line":100,"column":41},"end":{"line":104,"column":3}}},"10":{"name":"(anonymous_14)","decl":{"start":{"line":107,"column":2},"end":{"line":107,"column":25}},"loc":{"start":{"line":108,"column":41},"end":{"line":112,"column":3}}},"11":{"name":"(anonymous_15)","decl":{"start":{"line":115,"column":2},"end":{"line":115,"column":32}},"loc":{"start":{"line":118,"column":39},"end":{"line":128,"column":3}}},"12":{"name":"(anonymous_16)","decl":{"start":{"line":131,"column":2},"end":{"line":131,"column":31}},"loc":{"start":{"line":133,"column":39},"end":{"line":140,"column":3}}}},"branchMap":{},"s":{"0":1,"1":1,"2":1,"3":1,"4":1,"5":1,"6":13,"7":13,"8":1,"9":1,"10":1,"11":1,"12":1,"13":1,"14":1,"15":1,"16":1,"17":1,"18":1,"19":1,"20":2,"21":2,"22":1,"23":1,"24":1,"25":1,"26":1,"27":1,"28":1,"29":1,"30":1,"31":1,"32":1,"33":1,"34":1,"35":1,"36":1,"37":1,"38":1,"39":1,"40":1,"41":1,"42":1,"43":1,"44":1,"45":1},"f":{"0":13,"1":1,"2":1,"3":1,"4":1,"5":1,"6":1,"7":2,"8":1,"9":1,"10":1,"11":1,"12":1},"b":{}}
,"C:\\Users\\awint\\Documents\\Projects\\portal-webservice\\webservice\\src\\server\\server.service.ts": {"path":"C:\\Users\\awint\\Documents\\Projects\\portal-webservice\\webservice\\src\\server\\server.service.ts","statementMap":{"0":{"start":{"line":10,"column":0},"end":{"line":10,"column":33}},"1":{"start":{"line":11,"column":0},"end":{"line":11,"column":71}},"2":{"start":{"line":12,"column":0},"end":{"line":12,"column":47}},"3":{"start":{"line":16,"column":0},"end":{"line":16,"column":29}},"4":{"start":{"line":17,"column":0},"end":{"line":17,"column":37}},"5":{"start":{"line":18,"column":19},"end":{"line":18,"column":39}},"6":{"start":{"line":19,"column":0},"end":{"line":19,"column":48}},"7":{"start":{"line":22,"column":0},"end":{"line":219,"column":null}},"8":{"start":{"line":27,"column":44},"end":{"line":27,"column":57}},"9":{"start":{"line":28,"column":21},"end":{"line":28,"column":33}},"10":{"start":{"line":23,"column":10},"end":{"line":23,"column":40}},"11":{"start":{"line":32,"column":19},"end":{"line":32,"column":55}},"12":{"start":{"line":33,"column":4},"end":{"line":33,"column":54}},"13":{"start":{"line":34,"column":4},"end":{"line":34,"column":18}},"14":{"start":{"line":38,"column":19},"end":{"line":38,"column":79}},"15":{"start":{"line":39,"column":4},"end":{"line":39,"column":77}},"16":{"start":{"line":40,"column":4},"end":{"line":40,"column":18}},"17":{"start":{"line":44,"column":22},"end":{"line":44,"column":72}},"18":{"start":{"line":45,"column":4},"end":{"line":47,"column":6}},"19":{"start":{"line":48,"column":4},"end":{"line":48,"column":21}},"20":{"start":{"line":52,"column":4},"end":{"line":52,"column":71}},"21":{"start":{"line":54,"column":22},"end":{"line":55,"column":19}},"22":{"start":{"line":57,"column":4},"end":{"line":59,"column":null}},"23":{"start":{"line":58,"column":6},"end":{"line":58,"column":52}},"24":{"start":{"line":61,"column":20},"end":{"line":61,"column":22}},"25":{"start":{"line":62,"column":4},"end":{"line":68,"column":null}},"26":{"start":{"line":63,"column":6},"end":{"line":67,"column":null}},"27":{"start":{"line":64,"column":21},"end":{"line":64,"column":71}},"28":{"start":{"line":65,"column":8},"end":{"line":65,"column":29}},"29":{"start":{"line":66,"column":8},"end":{"line":66,"column":37}},"30":{"start":{"line":69,"column":4},"end":{"line":69,"column":19}},"31":{"start":{"line":73,"column":19},"end":{"line":75,"column":13}},"32":{"start":{"line":76,"column":4},"end":{"line":78,"column":6}},"33":{"start":{"line":79,"column":4},"end":{"line":79,"column":18}},"34":{"start":{"line":83,"column":19},"end":{"line":85,"column":13}},"35":{"start":{"line":86,"column":4},"end":{"line":88,"column":6}},"36":{"start":{"line":89,"column":4},"end":{"line":89,"column":18}},"37":{"start":{"line":93,"column":20},"end":{"line":93,"column":70}},"38":{"start":{"line":94,"column":4},"end":{"line":94,"column":75}},"39":{"start":{"line":95,"column":4},"end":{"line":95,"column":19}},"40":{"start":{"line":102,"column":19},"end":{"line":105,"column":null}},"41":{"start":{"line":107,"column":4},"end":{"line":107,"column":44}},"42":{"start":{"line":108,"column":4},"end":{"line":108,"column":18}},"43":{"start":{"line":112,"column":19},"end":{"line":114,"column":null}},"44":{"start":{"line":116,"column":4},"end":{"line":116,"column":67}},"45":{"start":{"line":117,"column":4},"end":{"line":117,"column":18}},"46":{"start":{"line":121,"column":19},"end":{"line":121,"column":78}},"47":{"start":{"line":122,"column":18},"end":{"line":122,"column":89}},"48":{"start":{"line":123,"column":4},"end":{"line":123,"column":29}},"49":{"start":{"line":124,"column":4},"end":{"line":124,"column":19}},"50":{"start":{"line":131,"column":22},"end":{"line":131,"column":65}},"51":{"start":{"line":132,"column":4},"end":{"line":139,"column":null}},"52":{"start":{"line":133,"column":6},"end":{"line":138,"column":8}},"53":{"start":{"line":140,"column":4},"end":{"line":140,"column":14}},"54":{"start":{"line":151,"column":4},"end":{"line":155,"column":null}},"55":{"start":{"line":152,"column":6},"end":{"line":152,"column":61}},"56":{"start":{"line":154,"column":6},"end":{"line":154,"column":27}},"57":{"start":{"line":157,"column":4},"end":{"line":157,"column":76}},"58":{"start":{"line":159,"column":4},"end":{"line":176,"column":null}},"59":{"start":{"line":160,"column":33},"end":{"line":161,"column":null}},"60":{"start":{"line":163,"column":6},"end":{"line":167,"column":8}},"61":{"start":{"line":168,"column":6},"end":{"line":168,"column":25}},"62":{"start":{"line":170,"column":6},"end":{"line":175,"column":8}},"63":{"start":{"line":184,"column":4},"end":{"line":186,"column":6}},"64":{"start":{"line":187,"column":4},"end":{"line":187,"column":136}},"65":{"start":{"line":188,"column":4},"end":{"line":188,"column":30}},"66":{"start":{"line":195,"column":4},"end":{"line":197,"column":6}},"67":{"start":{"line":198,"column":36},"end":{"line":215,"column":6}},"68":{"start":{"line":204,"column":46},"end":{"line":204,"column":66}},"69":{"start":{"line":205,"column":50},"end":{"line":205,"column":74}},"70":{"start":{"line":210,"column":15},"end":{"line":210,"column":38}},"71":{"start":{"line":212,"column":48},"end":{"line":212,"column":70}},"72":{"start":{"line":217,"column":4},"end":{"line":217,"column":18}},"73":{"start":{"line":22,"column":13},"end":{"line":219,"column":null}},"74":{"start":{"line":22,"column":13},"end":{"line":22,"column":26}}},"fnMap":{"0":{"name":"(anonymous_4)","decl":{"start":{"line":26,"column":2},"end":{"line":26,"column":null}},"loc":{"start":{"line":28,"column":43},"end":{"line":29,"column":6}}},"1":{"name":"(anonymous_5)","decl":{"start":{"line":31,"column":2},"end":{"line":31,"column":7}},"loc":{"start":{"line":31,"column":18},"end":{"line":35,"column":3}}},"2":{"name":"(anonymous_6)","decl":{"start":{"line":37,"column":2},"end":{"line":37,"column":7}},"loc":{"start":{"line":37,"column":47},"end":{"line":41,"column":3}}},"3":{"name":"(anonymous_7)","decl":{"start":{"line":43,"column":2},"end":{"line":43,"column":7}},"loc":{"start":{"line":43,"column":50},"end":{"line":49,"column":3}}},"4":{"name":"(anonymous_8)","decl":{"start":{"line":51,"column":2},"end":{"line":51,"column":7}},"loc":{"start":{"line":51,"column":47},"end":{"line":70,"column":3}}},"5":{"name":"(anonymous_9)","decl":{"start":{"line":72,"column":2},"end":{"line":72,"column":7}},"loc":{"start":{"line":72,"column":46},"end":{"line":80,"column":3}}},"6":{"name":"(anonymous_10)","decl":{"start":{"line":82,"column":2},"end":{"line":82,"column":7}},"loc":{"start":{"line":82,"column":49},"end":{"line":90,"column":3}}},"7":{"name":"(anonymous_11)","decl":{"start":{"line":92,"column":2},"end":{"line":92,"column":7}},"loc":{"start":{"line":92,"column":37},"end":{"line":96,"column":3}}},"8":{"name":"(anonymous_12)","decl":{"start":{"line":98,"column":2},"end":{"line":98,"column":7}},"loc":{"start":{"line":100,"column":36},"end":{"line":109,"column":3}}},"9":{"name":"(anonymous_13)","decl":{"start":{"line":111,"column":2},"end":{"line":111,"column":7}},"loc":{"start":{"line":111,"column":49},"end":{"line":118,"column":3}}},"10":{"name":"(anonymous_14)","decl":{"start":{"line":120,"column":2},"end":{"line":120,"column":7}},"loc":{"start":{"line":120,"column":49},"end":{"line":125,"column":3}}},"11":{"name":"(anonymous_15)","decl":{"start":{"line":127,"column":2},"end":{"line":127,"column":7}},"loc":{"start":{"line":129,"column":20},"end":{"line":141,"column":3}}},"12":{"name":"(anonymous_16)","decl":{"start":{"line":143,"column":2},"end":{"line":143,"column":7}},"loc":{"start":{"line":147,"column":27},"end":{"line":177,"column":3}}},"13":{"name":"(anonymous_17)","decl":{"start":{"line":179,"column":2},"end":{"line":179,"column":7}},"loc":{"start":{"line":182,"column":20},"end":{"line":189,"column":3}}},"14":{"name":"(anonymous_18)","decl":{"start":{"line":191,"column":2},"end":{"line":191,"column":26}},"loc":{"start":{"line":193,"column":21},"end":{"line":218,"column":3}}},"15":{"name":"(anonymous_19)","decl":{"start":{"line":204,"column":39},"end":{"line":204,"column":42}},"loc":{"start":{"line":204,"column":46},"end":{"line":204,"column":66}}},"16":{"name":"(anonymous_20)","decl":{"start":{"line":205,"column":43},"end":{"line":205,"column":46}},"loc":{"start":{"line":205,"column":50},"end":{"line":205,"column":74}}},"17":{"name":"(anonymous_21)","decl":{"start":{"line":210,"column":8},"end":{"line":210,"column":11}},"loc":{"start":{"line":210,"column":15},"end":{"line":210,"column":38}}},"18":{"name":"(anonymous_22)","decl":{"start":{"line":212,"column":41},"end":{"line":212,"column":44}},"loc":{"start":{"line":212,"column":48},"end":{"line":212,"column":70}}}},"branchMap":{"0":{"loc":{"start":{"line":57,"column":4},"end":{"line":59,"column":null}},"type":"if","locations":[{"start":{"line":57,"column":4},"end":{"line":59,"column":null}},{"start":{"line":57,"column":4},"end":{"line":59,"column":null}}]},"1":{"loc":{"start":{"line":147,"column":18},"end":{"line":147,"column":27}},"type":"default-arg","locations":[{"start":{"line":147,"column":18},"end":{"line":147,"column":27}}]},"2":{"loc":{"start":{"line":151,"column":4},"end":{"line":155,"column":null}},"type":"if","locations":[{"start":{"line":151,"column":4},"end":{"line":155,"column":null}},{"start":{"line":151,"column":4},"end":{"line":155,"column":null}}]}},"s":{"0":2,"1":2,"2":2,"3":2,"4":2,"5":2,"6":2,"7":2,"8":3,"9":3,"10":3,"11":0,"12":0,"13":0,"14":0,"15":0,"16":0,"17":0,"18":0,"19":0,"20":0,"21":0,"22":0,"23":0,"24":0,"25":0,"26":0,"27":0,"28":0,"29":0,"30":0,"31":0,"32":0,"33":0,"34":0,"35":0,"36":0,"37":0,"38":0,"39":0,"40":0,"41":0,"42":0,"43":0,"44":0,"45":0,"46":0,"47":0,"48":0,"49":0,"50":0,"51":0,"52":0,"53":0,"54":0,"55":0,"56":0,"57":0,"58":0,"59":0,"60":0,"61":0,"62":0,"63":1,"64":1,"65":1,"66":1,"67":1,"68":5,"69":5,"70":5,"71":5,"72":1,"73":2,"74":2},"f":{"0":3,"1":0,"2":0,"3":0,"4":0,"5":0,"6":0,"7":0,"8":0,"9":0,"10":0,"11":0,"12":0,"13":1,"14":1,"15":5,"16":5,"17":5,"18":5},"b":{"0":[0,0],"1":[0],"2":[0,0]}}
,"C:\\Users\\awint\\Documents\\Projects\\portal-webservice\\webservice\\src\\server\\dto\\create-server.dto.ts": {"path":"C:\\Users\\awint\\Documents\\Projects\\portal-webservice\\webservice\\src\\server\\dto\\create-server.dto.ts","statementMap":{"0":{"start":{"line":1,"column":0},"end":{"line":1,"column":46}},"1":{"start":{"line":2,"column":0},"end":{"line":2,"column":55}},"2":{"start":{"line":8,"column":2},"end":{"line":8,"column":null}},"3":{"start":{"line":12,"column":2},"end":{"line":12,"column":null}},"4":{"start":{"line":15,"column":2},"end":{"line":15,"column":null}},"5":{"start":{"line":18,"column":2},"end":{"line":18,"column":null}},"6":{"start":{"line":21,"column":2},"end":{"line":21,"column":null}},"7":{"start":{"line":24,"column":2},"end":{"line":24,"column":null}},"8":{"start":{"line":27,"column":2},"end":{"line":27,"column":null}},"9":{"start":{"line":31,"column":2},"end":{"line":31,"column":null}},"10":{"start":{"line":34,"column":2},"end":{"line":34,"column":null}},"11":{"start":{"line":39,"column":2},"end":{"line":39,"column":null}},"12":{"start":{"line":44,"column":2},"end":{"line":44,"column":null}},"13":{"start":{"line":47,"column":2},"end":{"line":47,"column":null}},"14":{"start":{"line":50,"column":2},"end":{"line":50,"column":null}},"15":{"start":{"line":53,"column":2},"end":{"line":53,"column":null}},"16":{"start":{"line":4,"column":0},"end":{"line":4,"column":13}}},"fnMap":{},"branchMap":{},"s":{"0":1,"1":1,"2":1,"3":1,"4":1,"5":1,"6":1,"7":1,"8":1,"9":1,"10":1,"11":1,"12":1,"13":1,"14":1,"15":1,"16":1},"f":{},"b":{}}
,"C:\\Users\\awint\\Documents\\Projects\\portal-webservice\\webservice\\src\\server\\dto\\update-server.dto.ts": {"path":"C:\\Users\\awint\\Documents\\Projects\\portal-webservice\\webservice\\src\\server\\dto\\update-server.dto.ts","statementMap":{"0":{"start":{"line":1,"column":0},"end":{"line":1,"column":46}},"1":{"start":{"line":2,"column":0},"end":{"line":2,"column":43}},"2":{"start":{"line":6,"column":2},"end":{"line":6,"column":null}},"3":{"start":{"line":10,"column":2},"end":{"line":10,"column":null}},"4":{"start":{"line":14,"column":2},"end":{"line":14,"column":null}},"5":{"start":{"line":17,"column":2},"end":{"line":17,"column":null}},"6":{"start":{"line":20,"column":2},"end":{"line":20,"column":null}},"7":{"start":{"line":23,"column":2},"end":{"line":23,"column":null}},"8":{"start":{"line":26,"column":2},"end":{"line":26,"column":null}},"9":{"start":{"line":29,"column":2},"end":{"line":29,"column":null}},"10":{"start":{"line":32,"column":2},"end":{"line":32,"column":null}},"11":{"start":{"line":35,"column":2},"end":{"line":35,"column":null}},"12":{"start":{"line":39,"column":2},"end":{"line":39,"column":null}},"13":{"start":{"line":43,"column":2},"end":{"line":43,"column":null}},"14":{"start":{"line":46,"column":2},"end":{"line":46,"column":null}},"15":{"start":{"line":49,"column":2},"end":{"line":49,"column":null}},"16":{"start":{"line":52,"column":2},"end":{"line":52,"column":null}},"17":{"start":{"line":4,"column":0},"end":{"line":4,"column":13}}},"fnMap":{},"branchMap":{},"s":{"0":1,"1":1,"2":1,"3":1,"4":1,"5":1,"6":1,"7":1,"8":1,"9":1,"10":1,"11":1,"12":1,"13":1,"14":1,"15":1,"16":1,"17":1},"f":{},"b":{}}
,"C:\\Users\\awint\\Documents\\Projects\\portal-webservice\\webservice\\src\\xmlimport\\childprocess.ts": {"path":"C:\\Users\\awint\\Documents\\Projects\\portal-webservice\\webservice\\src\\xmlimport\\childprocess.ts","statementMap":{"0":{"start":{"line":1,"column":0},"end":{"line":1,"column":59}},"1":{"start":{"line":2,"column":0},"end":{"line":2,"column":29}},"2":{"start":{"line":3,"column":0},"end":{"line":3,"column":37}},"3":{"start":{"line":4,"column":19},"end":{"line":4,"column":39}},"4":{"start":{"line":7,"column":10},"end":{"line":7,"column":50}},"5":{"start":{"line":9,"column":10},"end":{"line":9,"column":75}},"6":{"start":{"line":10,"column":10},"end":{"line":10,"column":83}},"7":{"start":{"line":14,"column":4},"end":{"line":16,"column":null}},"8":{"start":{"line":17,"column":4},"end":{"line":17,"column":45}},"9":{"start":{"line":21,"column":16},"end":{"line":21,"column":100}},"10":{"start":{"line":22,"column":4},"end":{"line":35,"column":null}},"11":{"start":{"line":23,"column":33},"end":{"line":24,"column":null}},"12":{"start":{"line":26,"column":6},"end":{"line":26,"column":79}},"13":{"start":{"line":27,"column":6},"end":{"line":27,"column":25}},"14":{"start":{"line":29,"column":6},"end":{"line":34,"column":8}},"15":{"start":{"line":39,"column":16},"end":{"line":39,"column":85}},"16":{"start":{"line":40,"column":4},"end":{"line":55,"column":null}},"17":{"start":{"line":41,"column":33},"end":{"line":42,"column":null}},"18":{"start":{"line":44,"column":6},"end":{"line":46,"column":8}},"19":{"start":{"line":47,"column":6},"end":{"line":47,"column":25}},"20":{"start":{"line":49,"column":6},"end":{"line":54,"column":8}},"21":{"start":{"line":59,"column":16},"end":{"line":59,"column":160}},"22":{"start":{"line":60,"column":4},"end":{"line":74,"column":null}},"23":{"start":{"line":61,"column":33},"end":{"line":62,"column":null}},"24":{"start":{"line":65,"column":6},"end":{"line":65,"column":71}},"25":{"start":{"line":66,"column":6},"end":{"line":66,"column":25}},"26":{"start":{"line":68,"column":6},"end":{"line":73,"column":8}},"27":{"start":{"line":78,"column":16},"end":{"line":78,"column":152}},"28":{"start":{"line":79,"column":4},"end":{"line":92,"column":null}},"29":{"start":{"line":80,"column":33},"end":{"line":81,"column":null}},"30":{"start":{"line":83,"column":6},"end":{"line":83,"column":67}},"31":{"start":{"line":84,"column":6},"end":{"line":84,"column":37}},"32":{"start":{"line":86,"column":6},"end":{"line":91,"column":8}},"33":{"start":{"line":96,"column":16},"end":{"line":96,"column":103}},"34":{"start":{"line":97,"column":4},"end":{"line":110,"column":null}},"35":{"start":{"line":98,"column":33},"end":{"line":99,"column":null}},"36":{"start":{"line":101,"column":6},"end":{"line":101,"column":54}},"37":{"start":{"line":102,"column":6},"end":{"line":102,"column":40}},"38":{"start":{"line":104,"column":6},"end":{"line":109,"column":8}},"39":{"start":{"line":114,"column":20},"end":{"line":114,"column":48}},"40":{"start":{"line":116,"column":4},"end":{"line":133,"column":null}},"41":{"start":{"line":117,"column":18},"end":{"line":117,"column":72}},"42":{"start":{"line":118,"column":6},"end":{"line":132,"column":null}},"43":{"start":{"line":119,"column":35},"end":{"line":120,"column":null}},"44":{"start":{"line":123,"column":8},"end":{"line":123,"column":63}},"45":{"start":{"line":124,"column":8},"end":{"line":124,"column":27}},"46":{"start":{"line":126,"column":8},"end":{"line":131,"column":10}},"47":{"start":{"line":6,"column":0},"end":{"line":6,"column":13}}},"fnMap":{"0":{"name":"(anonymous_0)","decl":{"start":{"line":6,"column":0},"end":{"line":6,"column":13}},"loc":{"start":{"line":6,"column":0},"end":{"line":135,"column":1}}},"1":{"name":"(anonymous_1)","decl":{"start":{"line":13,"column":2},"end":{"line":13,"column":7}},"loc":{"start":{"line":13,"column":34},"end":{"line":18,"column":3}}},"2":{"name":"(anonymous_2)","decl":{"start":{"line":20,"column":2},"end":{"line":20,"column":7}},"loc":{"start":{"line":20,"column":48},"end":{"line":36,"column":3}}},"3":{"name":"(anonymous_3)","decl":{"start":{"line":38,"column":2},"end":{"line":38,"column":7}},"loc":{"start":{"line":38,"column":50},"end":{"line":56,"column":3}}},"4":{"name":"(anonymous_4)","decl":{"start":{"line":58,"column":2},"end":{"line":58,"column":7}},"loc":{"start":{"line":58,"column":57},"end":{"line":75,"column":3}}},"5":{"name":"(anonymous_5)","decl":{"start":{"line":77,"column":2},"end":{"line":77,"column":7}},"loc":{"start":{"line":77,"column":54},"end":{"line":93,"column":3}}},"6":{"name":"(anonymous_6)","decl":{"start":{"line":95,"column":2},"end":{"line":95,"column":7}},"loc":{"start":{"line":95,"column":25},"end":{"line":111,"column":3}}},"7":{"name":"(anonymous_7)","decl":{"start":{"line":113,"column":2},"end":{"line":113,"column":7}},"loc":{"start":{"line":113,"column":43},"end":{"line":134,"column":3}}}},"branchMap":{"0":{"loc":{"start":{"line":14,"column":4},"end":{"line":16,"column":null}},"type":"if","locations":[{"start":{"line":14,"column":4},"end":{"line":16,"column":null}},{"start":{"line":14,"column":4},"end":{"line":16,"column":null}}]},"1":{"loc":{"start":{"line":116,"column":4},"end":{"line":133,"column":null}},"type":"if","locations":[{"start":{"line":116,"column":4},"end":{"line":133,"column":null}},{"start":{"line":116,"column":4},"end":{"line":133,"column":null}}]}},"s":{"0":2,"1":2,"2":2,"3":2,"4":10,"5":10,"6":10,"7":1,"8":1,"9":0,"10":0,"11":0,"12":0,"13":0,"14":0,"15":0,"16":0,"17":0,"18":0,"19":0,"20":0,"21":0,"22":0,"23":0,"24":0,"25":0,"26":0,"27":0,"28":0,"29":0,"30":0,"31":0,"32":0,"33":0,"34":0,"35":0,"36":0,"37":0,"38":0,"39":0,"40":0,"41":0,"42":0,"43":0,"44":0,"45":0,"46":0,"47":2},"f":{"0":10,"1":1,"2":0,"3":0,"4":0,"5":0,"6":0,"7":0},"b":{"0":[1,0],"1":[0,0]}}
,"C:\\Users\\awint\\Documents\\Projects\\portal-webservice\\webservice\\src\\xmlimport\\xmlimport.controller.ts": {"path":"C:\\Users\\awint\\Documents\\Projects\\portal-webservice\\webservice\\src\\xmlimport\\xmlimport.controller.ts","statementMap":{"0":{"start":{"line":1,"column":0},"end":{"line":1,"column":80}},"1":{"start":{"line":2,"column":0},"end":{"line":2,"column":55}},"2":{"start":{"line":3,"column":0},"end":{"line":3,"column":59}},"3":{"start":{"line":4,"column":0},"end":{"line":4,"column":42}},"4":{"start":{"line":8,"column":0},"end":{"line":33,"column":null}},"5":{"start":{"line":11,"column":31},"end":{"line":11,"column":49}},"6":{"start":{"line":9,"column":10},"end":{"line":9,"column":43}},"7":{"start":{"line":18,"column":4},"end":{"line":18,"column":68}},"8":{"start":{"line":19,"column":4},"end":{"line":19,"column":58}},"9":{"start":{"line":24,"column":4},"end":{"line":24,"column":62}},"10":{"start":{"line":25,"column":4},"end":{"line":25,"column":52}},"11":{"start":{"line":30,"column":4},"end":{"line":30,"column":66}},"12":{"start":{"line":31,"column":4},"end":{"line":31,"column":66}},"13":{"start":{"line":14,"column":2},"end":{"line":20,"column":null}},"14":{"start":{"line":23,"column":2},"end":{"line":26,"column":null}},"15":{"start":{"line":29,"column":2},"end":{"line":32,"column":null}},"16":{"start":{"line":8,"column":13},"end":{"line":33,"column":null}},"17":{"start":{"line":8,"column":13},"end":{"line":8,"column":32}}},"fnMap":{"0":{"name":"(anonymous_4)","decl":{"start":{"line":11,"column":2},"end":{"line":11,"column":31}},"loc":{"start":{"line":11,"column":65},"end":{"line":11,"column":69}}},"1":{"name":"(anonymous_5)","decl":{"start":{"line":14,"column":2},"end":{"line":14,"column":22}},"loc":{"start":{"line":16,"column":20},"end":{"line":20,"column":3}}},"2":{"name":"(anonymous_6)","decl":{"start":{"line":23,"column":2},"end":{"line":23,"column":11}},"loc":{"start":{"line":23,"column":45},"end":{"line":26,"column":3}}},"3":{"name":"(anonymous_7)","decl":{"start":{"line":29,"column":2},"end":{"line":29,"column":16}},"loc":{"start":{"line":29,"column":59},"end":{"line":32,"column":3}}}},"branchMap":{},"s":{"0":1,"1":1,"2":1,"3":1,"4":1,"5":7,"6":7,"7":0,"8":0,"9":0,"10":0,"11":0,"12":0,"13":1,"14":1,"15":1,"16":1,"17":1},"f":{"0":7,"1":0,"2":0,"3":0},"b":{}}
,"C:\\Users\\awint\\Documents\\Projects\\portal-webservice\\webservice\\src\\xmlimport\\xmlimport.service.ts": {"path":"C:\\Users\\awint\\Documents\\Projects\\portal-webservice\\webservice\\src\\xmlimport\\xmlimport.service.ts","statementMap":{"0":{"start":{"line":1,"column":0},"end":{"line":1,"column":52}},"1":{"start":{"line":2,"column":0},"end":{"line":2,"column":25}},"2":{"start":{"line":3,"column":0},"end":{"line":3,"column":60}},"3":{"start":{"line":4,"column":0},"end":{"line":4,"column":31}},"4":{"start":{"line":5,"column":0},"end":{"line":5,"column":35}},"5":{"start":{"line":6,"column":0},"end":{"line":6,"column":46}},"6":{"start":{"line":10,"column":29},"end":{"line":161,"column":null}},"7":{"start":{"line":21,"column":4},"end":{"line":21,"column":12}},"8":{"start":{"line":20,"column":31},"end":{"line":20,"column":47}},"9":{"start":{"line":11,"column":19},"end":{"line":11,"column":62}},"10":{"start":{"line":18,"column":10},"end":{"line":18,"column":38}},"11":{"start":{"line":25,"column":4},"end":{"line":25,"column":66}},"12":{"start":{"line":26,"column":17},"end":{"line":26,"column":54}},"13":{"start":{"line":27,"column":4},"end":{"line":27,"column":76}},"14":{"start":{"line":28,"column":4},"end":{"line":28,"column":18}},"15":{"start":{"line":32,"column":28},"end":{"line":32,"column":50}},"16":{"start":{"line":33,"column":4},"end":{"line":33,"column":60}},"17":{"start":{"line":34,"column":17},"end":{"line":34,"column":54}},"18":{"start":{"line":35,"column":4},"end":{"line":35,"column":76}},"19":{"start":{"line":36,"column":4},"end":{"line":36,"column":18}},"20":{"start":{"line":40,"column":4},"end":{"line":40,"column":36}},"21":{"start":{"line":41,"column":4},"end":{"line":41,"column":80}},"22":{"start":{"line":42,"column":4},"end":{"line":42,"column":54}},"23":{"start":{"line":43,"column":4},"end":{"line":43,"column":77}},"24":{"start":{"line":44,"column":4},"end":{"line":44,"column":21}},"25":{"start":{"line":48,"column":23},"end":{"line":50,"column":null}},"26":{"start":{"line":52,"column":4},"end":{"line":54,"column":6}},"27":{"start":{"line":55,"column":4},"end":{"line":55,"column":25}},"28":{"start":{"line":59,"column":24},"end":{"line":59,"column":51}},"29":{"start":{"line":60,"column":4},"end":{"line":65,"column":7}},"30":{"start":{"line":61,"column":6},"end":{"line":64,"column":null}},"31":{"start":{"line":62,"column":8},"end":{"line":62,"column":77}},"32":{"start":{"line":63,"column":8},"end":{"line":63,"column":32}},"33":{"start":{"line":66,"column":4},"end":{"line":66,"column":57}},"34":{"start":{"line":67,"column":4},"end":{"line":67,"column":23}},"35":{"start":{"line":71,"column":22},"end":{"line":71,"column":47}},"36":{"start":{"line":73,"column":4},"end":{"line":98,"column":null}},"37":{"start":{"line":74,"column":6},"end":{"line":97,"column":null}},"38":{"start":{"line":75,"column":8},"end":{"line":77,"column":10}},"39":{"start":{"line":79,"column":8},"end":{"line":82,"column":21}},"40":{"start":{"line":84,"column":8},"end":{"line":87,"column":21}},"41":{"start":{"line":89,"column":8},"end":{"line":89,"column":47}},"42":{"start":{"line":91,"column":8},"end":{"line":91,"column":74}},"43":{"start":{"line":93,"column":25},"end":{"line":93,"column":50}},"44":{"start":{"line":94,"column":8},"end":{"line":94,"column":67}},"45":{"start":{"line":96,"column":8},"end":{"line":96,"column":46}},"46":{"start":{"line":99,"column":4},"end":{"line":99,"column":35}},"47":{"start":{"line":100,"column":4},"end":{"line":100,"column":11}},"48":{"start":{"line":104,"column":4},"end":{"line":104,"column":74}},"49":{"start":{"line":105,"column":4},"end":{"line":105,"column":79}},"50":{"start":{"line":106,"column":4},"end":{"line":106,"column":54}},"51":{"start":{"line":107,"column":4},"end":{"line":107,"column":56}},"52":{"start":{"line":108,"column":4},"end":{"line":108,"column":63}},"53":{"start":{"line":109,"column":4},"end":{"line":109,"column":60}},"54":{"start":{"line":110,"column":4},"end":{"line":112,"column":null}},"55":{"start":{"line":111,"column":6},"end":{"line":111,"column":37}},"56":{"start":{"line":113,"column":4},"end":{"line":113,"column":74}},"57":{"start":{"line":114,"column":4},"end":{"line":114,"column":54}},"58":{"start":{"line":118,"column":4},"end":{"line":118,"column":74}},"59":{"start":{"line":119,"column":4},"end":{"line":119,"column":79}},"60":{"start":{"line":120,"column":4},"end":{"line":122,"column":6}},"61":{"start":{"line":123,"column":4},"end":{"line":126,"column":6}},"62":{"start":{"line":127,"column":4},"end":{"line":127,"column":61}},"63":{"start":{"line":128,"column":4},"end":{"line":128,"column":54}},"64":{"start":{"line":129,"column":4},"end":{"line":129,"column":56}},"65":{"start":{"line":130,"column":4},"end":{"line":130,"column":63}},"66":{"start":{"line":131,"column":4},"end":{"line":131,"column":67}},"67":{"start":{"line":132,"column":4},"end":{"line":132,"column":60}},"68":{"start":{"line":133,"column":4},"end":{"line":133,"column":35}},"69":{"start":{"line":134,"column":4},"end":{"line":134,"column":78}},"70":{"start":{"line":135,"column":4},"end":{"line":135,"column":11}},"71":{"start":{"line":139,"column":23},"end":{"line":139,"column":75}},"72":{"start":{"line":139,"column":49},"end":{"line":139,"column":74}},"73":{"start":{"line":140,"column":19},"end":{"line":140,"column":70}},"74":{"start":{"line":140,"column":45},"end":{"line":140,"column":69}},"75":{"start":{"line":141,"column":26},"end":{"line":141,"column":28}},"76":{"start":{"line":143,"column":4},"end":{"line":153,"column":null}},"77":{"start":{"line":144,"column":20},"end":{"line":144,"column":68}},"78":{"start":{"line":144,"column":42},"end":{"line":144,"column":67}},"79":{"start":{"line":145,"column":6},"end":{"line":152,"column":null}},"80":{"start":{"line":146,"column":8},"end":{"line":149,"column":10}},"81":{"start":{"line":151,"column":8},"end":{"line":151,"column":64}},"82":{"start":{"line":155,"column":4},"end":{"line":157,"column":6}},"83":{"start":{"line":159,"column":4},"end":{"line":159,"column":27}},"84":{"start":{"line":10,"column":13},"end":{"line":161,"column":null}},"85":{"start":{"line":10,"column":13},"end":{"line":10,"column":29}}},"fnMap":{"0":{"name":"(anonymous_2)","decl":{"start":{"line":20,"column":2},"end":{"line":20,"column":31}},"loc":{"start":{"line":20,"column":61},"end":{"line":22,"column":3}}},"1":{"name":"(anonymous_3)","decl":{"start":{"line":24,"column":2},"end":{"line":24,"column":7}},"loc":{"start":{"line":24,"column":39},"end":{"line":29,"column":3}}},"2":{"name":"(anonymous_4)","decl":{"start":{"line":31,"column":2},"end":{"line":31,"column":7}},"loc":{"start":{"line":31,"column":39},"end":{"line":37,"column":3}}},"3":{"name":"(anonymous_5)","decl":{"start":{"line":39,"column":2},"end":{"line":39,"column":7}},"loc":{"start":{"line":39,"column":44},"end":{"line":45,"column":3}}},"4":{"name":"(anonymous_6)","decl":{"start":{"line":47,"column":2},"end":{"line":47,"column":7}},"loc":{"start":{"line":47,"column":46},"end":{"line":56,"column":3}}},"5":{"name":"(anonymous_7)","decl":{"start":{"line":58,"column":2},"end":{"line":58,"column":7}},"loc":{"start":{"line":58,"column":53},"end":{"line":68,"column":3}}},"6":{"name":"(anonymous_8)","decl":{"start":{"line":60,"column":49},"end":{"line":60,"column":58}},"loc":{"start":{"line":60,"column":61},"end":{"line":65,"column":5}}},"7":{"name":"(anonymous_9)","decl":{"start":{"line":70,"column":10},"end":{"line":70,"column":15}},"loc":{"start":{"line":70,"column":56},"end":{"line":101,"column":3}}},"8":{"name":"(anonymous_10)","decl":{"start":{"line":103,"column":10},"end":{"line":103,"column":15}},"loc":{"start":{"line":103,"column":40},"end":{"line":115,"column":3}}},"9":{"name":"(anonymous_11)","decl":{"start":{"line":117,"column":10},"end":{"line":117,"column":15}},"loc":{"start":{"line":117,"column":41},"end":{"line":136,"column":3}}},"10":{"name":"(anonymous_12)","decl":{"start":{"line":138,"column":10},"end":{"line":138,"column":34}},"loc":{"start":{"line":138,"column":56},"end":{"line":160,"column":3}}},"11":{"name":"(anonymous_13)","decl":{"start":{"line":139,"column":42},"end":{"line":139,"column":45}},"loc":{"start":{"line":139,"column":49},"end":{"line":139,"column":74}}},"12":{"name":"(anonymous_14)","decl":{"start":{"line":140,"column":38},"end":{"line":140,"column":41}},"loc":{"start":{"line":140,"column":45},"end":{"line":140,"column":69}}},"13":{"name":"(anonymous_15)","decl":{"start":{"line":144,"column":34},"end":{"line":144,"column":38}},"loc":{"start":{"line":144,"column":42},"end":{"line":144,"column":67}}}},"branchMap":{"0":{"loc":{"start":{"line":61,"column":6},"end":{"line":64,"column":null}},"type":"if","locations":[{"start":{"line":61,"column":6},"end":{"line":64,"column":null}},{"start":{"line":61,"column":6},"end":{"line":64,"column":null}}]},"1":{"loc":{"start":{"line":74,"column":6},"end":{"line":97,"column":null}},"type":"if","locations":[{"start":{"line":74,"column":6},"end":{"line":97,"column":null}},{"start":{"line":74,"column":6},"end":{"line":97,"column":null}}]},"2":{"loc":{"start":{"line":110,"column":4},"end":{"line":112,"column":null}},"type":"if","locations":[{"start":{"line":110,"column":4},"end":{"line":112,"column":null}},{"start":{"line":110,"column":4},"end":{"line":112,"column":null}}]},"3":{"loc":{"start":{"line":145,"column":6},"end":{"line":152,"column":null}},"type":"if","locations":[{"start":{"line":145,"column":6},"end":{"line":152,"column":null}},{"start":{"line":145,"column":6},"end":{"line":152,"column":null}}]}},"s":{"0":1,"1":1,"2":1,"3":1,"4":1,"5":1,"6":1,"7":7,"8":7,"9":7,"10":7,"11":0,"12":0,"13":0,"14":0,"15":0,"16":0,"17":0,"18":0,"19":0,"20":0,"21":0,"22":0,"23":0,"24":0,"25":3,"26":3,"27":3,"28":2,"29":2,"30":0,"31":0,"32":0,"33":2,"34":2,"35":0,"36":0,"37":0,"38":0,"39":0,"40":0,"41":0,"42":0,"43":0,"44":0,"45":0,"46":0,"47":0,"48":0,"49":0,"50":0,"51":0,"52":0,"53":0,"54":0,"55":0,"56":0,"57":0,"58":0,"59":0,"60":0,"61":0,"62":0,"63":0,"64":0,"65":0,"66":0,"67":0,"68":0,"69":0,"70":0,"71":0,"72":0,"73":0,"74":0,"75":0,"76":0,"77":0,"78":0,"79":0,"80":0,"81":0,"82":0,"83":0,"84":1,"85":1},"f":{"0":7,"1":0,"2":0,"3":0,"4":3,"5":2,"6":0,"7":0,"8":0,"9":0,"10":0,"11":0,"12":0,"13":0},"b":{"0":[0,0],"1":[0,0],"2":[0,0],"3":[0,0]}}
,"C:\\Users\\awint\\Documents\\Projects\\portal-webservice\\webservice\\src\\xmlimport\\dto\\xmlfileimport.dto.ts": {"path":"C:\\Users\\awint\\Documents\\Projects\\portal-webservice\\webservice\\src\\xmlimport\\dto\\xmlfileimport.dto.ts","statementMap":{"0":{"start":{"line":1,"column":0},"end":{"line":1,"column":45}},"1":{"start":{"line":5,"column":2},"end":{"line":5,"column":null}},"2":{"start":{"line":8,"column":2},"end":{"line":8,"column":null}},"3":{"start":{"line":3,"column":0},"end":{"line":3,"column":13}}},"fnMap":{},"branchMap":{},"s":{"0":1,"1":1,"2":1,"3":1},"f":{},"b":{}}
,"C:\\Users\\awint\\Documents\\Projects\\portal-webservice\\webservice\\src\\xmlwriter\\xmlelements.ts": {"path":"C:\\Users\\awint\\Documents\\Projects\\portal-webservice\\webservice\\src\\xmlwriter\\xmlelements.ts","statementMap":{"0":{"start":{"line":1,"column":0},"end":{"line":1,"column":41}},"1":{"start":{"line":2,"column":0},"end":{"line":2,"column":40}},"2":{"start":{"line":8,"column":4},"end":{"line":8,"column":29}},"3":{"start":{"line":12,"column":37},"end":{"line":15,"column":57}},"4":{"start":{"line":16,"column":4},"end":{"line":16,"column":26}},"5":{"start":{"line":17,"column":4},"end":{"line":17,"column":15}},"6":{"start":{"line":23,"column":4},"end":{"line":46,"column":null}},"7":{"start":{"line":24,"column":6},"end":{"line":31,"column":9}},"8":{"start":{"line":32,"column":6},"end":{"line":39,"column":null}},"9":{"start":{"line":33,"column":8},"end":{"line":38,"column":10}},"10":{"start":{"line":40,"column":6},"end":{"line":45,"column":8}},"11":{"start":{"line":47,"column":4},"end":{"line":47,"column":30}},"12":{"start":{"line":51,"column":28},"end":{"line":54,"column":6}},"13":{"start":{"line":55,"column":4},"end":{"line":64,"column":null}},"14":{"start":{"line":56,"column":35},"end":{"line":58,"column":8}},"15":{"start":{"line":59,"column":6},"end":{"line":63,"column":null}},"16":{"start":{"line":60,"column":8},"end":{"line":62,"column":11}},"17":{"start":{"line":65,"column":4},"end":{"line":70,"column":7}},"18":{"start":{"line":71,"column":4},"end":{"line":71,"column":29}},"19":{"start":{"line":75,"column":4},"end":{"line":87,"column":8}},"20":{"start":{"line":91,"column":14},"end":{"line":91,"column":56}},"21":{"start":{"line":92,"column":4},"end":{"line":94,"column":null}},"22":{"start":{"line":93,"column":6},"end":{"line":93,"column":54}},"23":{"start":{"line":95,"column":4},"end":{"line":95,"column":15}},"24":{"start":{"line":99,"column":4},"end":{"line":105,"column":6}},"25":{"start":{"line":109,"column":4},"end":{"line":118,"column":null}},"26":{"start":{"line":110,"column":6},"end":{"line":117,"column":8}},"27":{"start":{"line":125,"column":4},"end":{"line":127,"column":54}},"28":{"start":{"line":131,"column":4},"end":{"line":136,"column":7}},"29":{"start":{"line":140,"column":4},"end":{"line":142,"column":54}},"30":{"start":{"line":4,"column":0},"end":{"line":4,"column":13}}},"fnMap":{"0":{"name":"(anonymous_0)","decl":{"start":{"line":7,"column":2},"end":{"line":7,"column":13}},"loc":{"start":{"line":7,"column":30},"end":{"line":9,"column":3}}},"1":{"name":"(anonymous_1)","decl":{"start":{"line":11,"column":2},"end":{"line":11,"column":21}},"loc":{"start":{"line":11,"column":21},"end":{"line":18,"column":3}}},"2":{"name":"(anonymous_2)","decl":{"start":{"line":20,"column":2},"end":{"line":20,"column":15}},"loc":{"start":{"line":20,"column":60},"end":{"line":48,"column":3}}},"3":{"name":"(anonymous_3)","decl":{"start":{"line":50,"column":2},"end":{"line":50,"column":12}},"loc":{"start":{"line":50,"column":57},"end":{"line":72,"column":3}}},"4":{"name":"(anonymous_4)","decl":{"start":{"line":74,"column":2},"end":{"line":74,"column":17}},"loc":{"start":{"line":74,"column":66},"end":{"line":88,"column":3}}},"5":{"name":"(anonymous_5)","decl":{"start":{"line":90,"column":2},"end":{"line":90,"column":13}},"loc":{"start":{"line":90,"column":56},"end":{"line":96,"column":3}}},"6":{"name":"(anonymous_6)","decl":{"start":{"line":98,"column":2},"end":{"line":98,"column":19}},"loc":{"start":{"line":98,"column":68},"end":{"line":106,"column":3}}},"7":{"name":"(anonymous_7)","decl":{"start":{"line":108,"column":2},"end":{"line":108,"column":19}},"loc":{"start":{"line":108,"column":63},"end":{"line":119,"column":3}}},"8":{"name":"(anonymous_8)","decl":{"start":{"line":121,"column":2},"end":{"line":121,"column":16}},"loc":{"start":{"line":123,"column":40},"end":{"line":128,"column":3}}},"9":{"name":"(anonymous_9)","decl":{"start":{"line":130,"column":2},"end":{"line":130,"column":11}},"loc":{"start":{"line":130,"column":56},"end":{"line":137,"column":3}}},"10":{"name":"(anonymous_10)","decl":{"start":{"line":139,"column":2},"end":{"line":139,"column":15}},"loc":{"start":{"line":139,"column":54},"end":{"line":143,"column":3}}}},"branchMap":{"0":{"loc":{"start":{"line":123,"column":11},"end":{"line":123,"column":40}},"type":"default-arg","locations":[{"start":{"line":123,"column":11},"end":{"line":123,"column":40}}]},"1":{"loc":{"start":{"line":139,"column":52},"end":{"line":139,"column":54}},"type":"default-arg","locations":[{"start":{"line":139,"column":52},"end":{"line":139,"column":54}}]}},"s":{"0":4,"1":4,"2":0,"3":0,"4":0,"5":0,"6":0,"7":0,"8":0,"9":0,"10":0,"11":0,"12":0,"13":0,"14":0,"15":0,"16":0,"17":0,"18":0,"19":0,"20":0,"21":0,"22":0,"23":0,"24":0,"25":0,"26":0,"27":0,"28":0,"29":0,"30":4},"f":{"0":0,"1":0,"2":0,"3":0,"4":0,"5":0,"6":0,"7":0,"8":0,"9":0,"10":0},"b":{"0":[0],"1":[0]}}
,"C:\\Users\\awint\\Documents\\Projects\\portal-webservice\\webservice\\src\\xmlwriter\\xmlhelper.ts": {"path":"C:\\Users\\awint\\Documents\\Projects\\portal-webservice\\webservice\\src\\xmlwriter\\xmlhelper.ts","statementMap":{"0":{"start":{"line":12,"column":39},"end":{"line":14,"column":null}},"1":{"start":{"line":17,"column":4},"end":{"line":17,"column":67}},"2":{"start":{"line":19,"column":4},"end":{"line":19,"column":17}},"3":{"start":{"line":30,"column":42},"end":{"line":32,"column":null}},"4":{"start":{"line":35,"column":4},"end":{"line":35,"column":70}},"5":{"start":{"line":37,"column":4},"end":{"line":37,"column":20}},"6":{"start":{"line":46,"column":4},"end":{"line":58,"column":null}},"7":{"start":{"line":47,"column":28},"end":{"line":47,"column":52}},"8":{"start":{"line":48,"column":6},"end":{"line":57,"column":null}},"9":{"start":{"line":49,"column":8},"end":{"line":56,"column":10}},"10":{"start":{"line":60,"column":4},"end":{"line":65,"column":null}},"11":{"start":{"line":61,"column":27},"end":{"line":61,"column":50}},"12":{"start":{"line":62,"column":6},"end":{"line":64,"column":null}},"13":{"start":{"line":63,"column":8},"end":{"line":63,"column":68}},"14":{"start":{"line":66,"column":4},"end":{"line":66,"column":16}},"15":{"start":{"line":70,"column":4},"end":{"line":73,"column":31}},"16":{"start":{"line":3,"column":0},"end":{"line":3,"column":13}}},"fnMap":{"0":{"name":"(anonymous_0)","decl":{"start":{"line":4,"column":2},"end":{"line":4,"column":24}},"loc":{"start":{"line":10,"column":19},"end":{"line":20,"column":3}}},"1":{"name":"(anonymous_1)","decl":{"start":{"line":22,"column":2},"end":{"line":22,"column":27}},"loc":{"start":{"line":28,"column":19},"end":{"line":38,"column":3}}},"2":{"name":"(anonymous_2)","decl":{"start":{"line":40,"column":2},"end":{"line":40,"column":19}},"loc":{"start":{"line":44,"column":17},"end":{"line":67,"column":3}}},"3":{"name":"(anonymous_3)","decl":{"start":{"line":69,"column":10},"end":{"line":69,"column":22}},"loc":{"start":{"line":69,"column":34},"end":{"line":74,"column":3}}}},"branchMap":{"0":{"loc":{"start":{"line":9,"column":13},"end":{"line":9,"column":17}},"type":"default-arg","locations":[{"start":{"line":9,"column":13},"end":{"line":9,"column":17}}]},"1":{"loc":{"start":{"line":10,"column":17},"end":{"line":10,"column":19}},"type":"default-arg","locations":[{"start":{"line":10,"column":17},"end":{"line":10,"column":19}}]},"2":{"loc":{"start":{"line":24,"column":13},"end":{"line":24,"column":32}},"type":"default-arg","locations":[{"start":{"line":24,"column":13},"end":{"line":24,"column":32}}]},"3":{"loc":{"start":{"line":27,"column":13},"end":{"line":27,"column":17}},"type":"default-arg","locations":[{"start":{"line":27,"column":13},"end":{"line":27,"column":17}}]},"4":{"loc":{"start":{"line":28,"column":17},"end":{"line":28,"column":19}},"type":"default-arg","locations":[{"start":{"line":28,"column":17},"end":{"line":28,"column":19}}]},"5":{"loc":{"start":{"line":44,"column":13},"end":{"line":44,"column":17}},"type":"default-arg","locations":[{"start":{"line":44,"column":13},"end":{"line":44,"column":17}}]},"6":{"loc":{"start":{"line":46,"column":4},"end":{"line":58,"column":null}},"type":"if","locations":[{"start":{"line":46,"column":4},"end":{"line":58,"column":null}},{"start":{"line":46,"column":4},"end":{"line":58,"column":null}}]},"7":{"loc":{"start":{"line":60,"column":4},"end":{"line":65,"column":null}},"type":"if","locations":[{"start":{"line":60,"column":4},"end":{"line":65,"column":null}},{"start":{"line":60,"column":4},"end":{"line":65,"column":null}}]}},"s":{"0":0,"1":0,"2":0,"3":0,"4":0,"5":0,"6":0,"7":0,"8":0,"9":0,"10":0,"11":0,"12":0,"13":0,"14":0,"15":0,"16":5},"f":{"0":0,"1":0,"2":0,"3":0},"b":{"0":[0],"1":[0],"2":[0],"3":[0],"4":[0],"5":[0],"6":[0,0],"7":[0,0]}}
,"C:\\Users\\awint\\Documents\\Projects\\portal-webservice\\webservice\\src\\xmlwriter\\xmlwriter.service.ts": {"path":"C:\\Users\\awint\\Documents\\Projects\\portal-webservice\\webservice\\src\\xmlwriter\\xmlwriter.service.ts","statementMap":{"0":{"start":{"line":1,"column":0},"end":{"line":1,"column":44}},"1":{"start":{"line":2,"column":0},"end":{"line":2,"column":44}},"2":{"start":{"line":7,"column":0},"end":{"line":57,"column":null}},"3":{"start":{"line":25,"column":4},"end":{"line":25,"column":12}},"4":{"start":{"line":15,"column":2},"end":{"line":22,"column":4}},"5":{"start":{"line":29,"column":4},"end":{"line":29,"column":27}},"6":{"start":{"line":30,"column":4},"end":{"line":30,"column":17}},"7":{"start":{"line":31,"column":4},"end":{"line":31,"column":11}},"8":{"start":{"line":35,"column":15},"end":{"line":35,"column":41}},"9":{"start":{"line":36,"column":4},"end":{"line":36,"column":46}},"10":{"start":{"line":38,"column":4},"end":{"line":38,"column":43}},"11":{"start":{"line":39,"column":4},"end":{"line":39,"column":52}},"12":{"start":{"line":40,"column":4},"end":{"line":40,"column":42}},"13":{"start":{"line":41,"column":4},"end":{"line":41,"column":54}},"14":{"start":{"line":42,"column":4},"end":{"line":42,"column":49}},"15":{"start":{"line":43,"column":4},"end":{"line":43,"column":30}},"16":{"start":{"line":44,"column":4},"end":{"line":44,"column":42}},"17":{"start":{"line":45,"column":4},"end":{"line":45,"column":29}},"18":{"start":{"line":46,"column":4},"end":{"line":46,"column":44}},"19":{"start":{"line":50,"column":4},"end":{"line":50,"column":49}},"20":{"start":{"line":51,"column":4},"end":{"line":51,"column":53}},"21":{"start":{"line":52,"column":4},"end":{"line":52,"column":46}},"22":{"start":{"line":53,"column":4},"end":{"line":53,"column":44}},"23":{"start":{"line":54,"column":4},"end":{"line":54,"column":54}},"24":{"start":{"line":55,"column":4},"end":{"line":55,"column":36}},"25":{"start":{"line":7,"column":13},"end":{"line":57,"column":null}},"26":{"start":{"line":7,"column":13},"end":{"line":7,"column":29}}},"fnMap":{"0":{"name":"(anonymous_2)","decl":{"start":{"line":24,"column":2},"end":{"line":24,"column":null}},"loc":{"start":{"line":24,"column":2},"end":{"line":26,"column":3}}},"1":{"name":"(anonymous_3)","decl":{"start":{"line":28,"column":2},"end":{"line":28,"column":12}},"loc":{"start":{"line":28,"column":29},"end":{"line":32,"column":3}}},"2":{"name":"(anonymous_4)","decl":{"start":{"line":34,"column":2},"end":{"line":34,"column":8}},"loc":{"start":{"line":34,"column":8},"end":{"line":47,"column":3}}},"3":{"name":"(anonymous_5)","decl":{"start":{"line":49,"column":10},"end":{"line":49,"column":15}},"loc":{"start":{"line":49,"column":15},"end":{"line":56,"column":3}}}},"branchMap":{},"s":{"0":3,"1":3,"2":3,"3":0,"4":0,"5":0,"6":0,"7":0,"8":0,"9":0,"10":0,"11":0,"12":0,"13":0,"14":0,"15":0,"16":0,"17":0,"18":0,"19":0,"20":0,"21":0,"22":0,"23":0,"24":0,"25":3,"26":3},"f":{"0":0,"1":0,"2":0,"3":0},"b":{}}
}
