TN:
SF:C:\Users\awint\Documents\Projects\portal-webservice\webservice\src\auth\auth.controller.ts
FN:6,(anonymous_2)
FN:9,(anonymous_3)
FN:14,(anonymous_4)
FNF:3
FNH:2
FNDA:3,(anonymous_2)
FNDA:1,(anonymous_3)
FNDA:0,(anonymous_4)
DA:1,1
DA:2,1
DA:5,1
DA:6,3
DA:9,1
DA:10,1
DA:14,1
DA:15,0
LF:8
LH:7
BRF:0
BRH:0
end_of_record
TN:
SF:C:\Users\awint\Documents\Projects\portal-webservice\webservice\src\auth\auth.service.ts
FN:6,(anonymous_1)
FN:10,(anonymous_2)
FNF:2
FNH:0
FNDA:0,(anonymous_1)
FNDA:0,(anonymous_2)
DA:1,2
DA:4,2
DA:7,0
DA:11,0
LF:4
LH:2
BRF:0
BRH:0
end_of_record
TN:
SF:C:\Users\awint\Documents\Projects\portal-webservice\webservice\src\aws\aws.service.ts
FN:5,(anonymous_1)
FN:8,(anonymous_2)
FN:16,(anonymous_3)
FNF:3
FNH:0
FNDA:0,(anonymous_1)
FNDA:0,(anonymous_2)
FNDA:0,(anonymous_3)
DA:1,3
DA:2,3
DA:5,3
DA:6,0
DA:9,0
DA:11,0
DA:17,0
DA:19,0
LF:8
LH:3
BRDA:17,0,0,0
BRDA:17,0,1,0
BRF:2
BRH:0
end_of_record
TN:
SF:C:\Users\awint\Documents\Projects\portal-webservice\webservice\src\content\content.controller.ts
FN:21,(anonymous_4)
FN:23,(anonymous_5)
FN:28,(anonymous_6)
FN:33,(anonymous_7)
FN:38,(anonymous_8)
FN:43,(anonymous_9)
FN:49,(anonymous_10)
FN:55,(anonymous_11)
FNF:8
FNH:2
FNDA:3,(anonymous_4)
FNDA:1,(anonymous_5)
FNDA:0,(anonymous_6)
FNDA:0,(anonymous_7)
FNDA:0,(anonymous_8)
FNDA:0,(anonymous_9)
FNDA:0,(anonymous_10)
FNDA:0,(anonymous_11)
DA:1,1
DA:11,1
DA:12,1
DA:14,1
DA:15,1
DA:16,1
DA:20,1
DA:21,3
DA:24,1
DA:28,1
DA:29,0
DA:33,1
DA:34,0
DA:38,1
DA:39,0
DA:43,1
DA:44,0
DA:49,1
DA:50,0
DA:55,1
DA:59,0
LF:21
LH:15
BRF:0
BRH:0
end_of_record
TN:
SF:C:\Users\awint\Documents\Projects\portal-webservice\webservice\src\content\content.service.ts
FN:13,(anonymous_4)
FN:19,(anonymous_5)
FN:23,(anonymous_6)
FN:27,(anonymous_7)
FN:32,(anonymous_8)
FN:38,(anonymous_9)
FN:45,(anonymous_10)
FN:50,(anonymous_11)
FN:68,(anonymous_12)
FN:73,(anonymous_13)
FN:94,(anonymous_14)
FNF:11
FNH:1
FNDA:7,(anonymous_4)
FNDA:0,(anonymous_5)
FNDA:0,(anonymous_6)
FNDA:0,(anonymous_7)
FNDA:0,(anonymous_8)
FNDA:0,(anonymous_9)
FNDA:0,(anonymous_10)
FNDA:0,(anonymous_11)
FNDA:0,(anonymous_12)
FNDA:0,(anonymous_13)
FNDA:0,(anonymous_14)
DA:1,2
DA:2,2
DA:3,2
DA:8,2
DA:9,2
DA:12,2
DA:14,7
DA:16,7
DA:20,0
DA:24,0
DA:28,0
DA:29,0
DA:33,0
DA:34,0
DA:35,0
DA:39,0
DA:42,0
DA:46,0
DA:47,0
DA:55,0
DA:56,0
DA:60,0
DA:65,0
DA:69,0
DA:74,0
DA:91,0
DA:98,0
DA:101,0
DA:102,0
DA:105,0
DA:106,0
DA:107,0
DA:109,0
DA:112,0
DA:113,0
LF:35
LH:8
BRF:0
BRH:0
end_of_record
TN:
SF:C:\Users\awint\Documents\Projects\portal-webservice\webservice\src\content\dto\create-content.dto.ts
FNF:0
FNH:0
DA:1,1
DA:3,1
DA:8,1
DA:11,1
DA:14,1
DA:17,1
DA:20,1
DA:23,1
DA:26,1
DA:29,1
DA:32,1
DA:35,1
DA:38,1
DA:41,1
DA:44,1
DA:47,1
DA:50,1
DA:53,1
DA:56,1
DA:59,1
DA:62,1
DA:65,1
DA:68,1
DA:71,1
DA:74,1
DA:77,1
DA:80,1
DA:83,1
DA:86,1
LF:29
LH:29
BRF:0
BRH:0
end_of_record
TN:
SF:C:\Users\awint\Documents\Projects\portal-webservice\webservice\src\content\dto\update-content.dto.ts
FN:3,(anonymous_2)
FN:77,(anonymous_3)
FNF:2
FNH:0
FNDA:0,(anonymous_2)
FNDA:0,(anonymous_3)
DA:1,1
DA:3,1
DA:6,1
DA:9,1
DA:12,1
DA:15,1
DA:18,1
DA:21,1
DA:24,1
DA:27,1
DA:30,1
DA:33,1
DA:36,1
DA:39,1
DA:42,1
DA:45,1
DA:48,1
DA:51,1
DA:54,1
DA:57,1
DA:60,1
DA:63,1
DA:66,1
DA:69,1
DA:72,1
DA:75,1
DA:78,0
LF:27
LH:26
BRF:0
BRH:0
end_of_record
TN:
SF:C:\Users\awint\Documents\Projects\portal-webservice\webservice\src\content\pipes\content-create.pipe.ts
FN:5,(anonymous_1)
FN:31,(anonymous_2)
FN:35,(anonymous_3)
FN:40,(anonymous_4)
FNF:4
FNH:0
FNDA:0,(anonymous_1)
FNDA:0,(anonymous_2)
FNDA:0,(anonymous_3)
FNDA:0,(anonymous_4)
DA:1,2
DA:4,2
DA:6,0
DA:8,0
DA:9,0
DA:12,0
DA:13,0
DA:16,0
DA:17,0
DA:20,0
DA:21,0
DA:24,0
DA:25,0
DA:28,0
DA:32,0
DA:36,0
DA:41,0
LF:17
LH:2
BRDA:8,0,0,0
BRDA:8,0,1,0
BRDA:12,1,0,0
BRDA:12,1,1,0
BRDA:16,2,0,0
BRDA:16,2,1,0
BRDA:20,3,0,0
BRDA:20,3,1,0
BRDA:24,4,0,0
BRDA:24,4,1,0
BRF:10
BRH:0
end_of_record
TN:
SF:C:\Users\awint\Documents\Projects\portal-webservice\webservice\src\server\server.controller.ts
FN:32,(anonymous_4)
FN:35,(anonymous_5)
FN:41,(anonymous_6)
FN:49,(anonymous_7)
FN:57,(anonymous_8)
FN:65,(anonymous_9)
FN:71,(anonymous_10)
FN:79,(anonymous_11)
FN:85,(anonymous_12)
FN:99,(anonymous_13)
FN:107,(anonymous_14)
FN:115,(anonymous_15)
FN:131,(anonymous_16)
FNF:13
FNH:13
FNDA:13,(anonymous_4)
FNDA:1,(anonymous_5)
FNDA:1,(anonymous_6)
FNDA:1,(anonymous_7)
FNDA:1,(anonymous_8)
FNDA:1,(anonymous_9)
FNDA:1,(anonymous_10)
FNDA:2,(anonymous_11)
FNDA:1,(anonymous_12)
FNDA:1,(anonymous_13)
FNDA:1,(anonymous_14)
FNDA:1,(anonymous_15)
FNDA:1,(anonymous_16)
DA:10,1
DA:21,1
DA:22,1
DA:24,1
DA:25,1
DA:29,1
DA:30,13
DA:32,13
DA:35,1
DA:36,1
DA:37,1
DA:41,1
DA:44,1
DA:45,1
DA:49,1
DA:50,1
DA:53,1
DA:57,1
DA:60,1
DA:61,1
DA:65,1
DA:66,1
DA:67,1
DA:71,1
DA:74,1
DA:75,1
DA:79,1
DA:80,2
DA:81,2
DA:85,1
DA:89,1
DA:92,1
DA:99,1
DA:102,1
DA:103,1
DA:107,1
DA:110,1
DA:111,1
DA:115,1
DA:120,1
DA:123,1
DA:131,1
DA:135,1
DA:136,1
LF:44
LH:44
BRF:0
BRH:0
end_of_record
TN:
SF:C:\Users\awint\Documents\Projects\portal-webservice\webservice\src\server\server.service.ts
FN:26,(anonymous_4)
FN:31,(anonymous_5)
FN:37,(anonymous_6)
FN:43,(anonymous_7)
FN:51,(anonymous_8)
FN:72,(anonymous_9)
FN:82,(anonymous_10)
FN:92,(anonymous_11)
FN:98,(anonymous_12)
FN:111,(anonymous_13)
FN:120,(anonymous_14)
FN:127,(anonymous_15)
FN:143,(anonymous_16)
FN:179,(anonymous_17)
FN:191,(anonymous_18)
FN:204,(anonymous_19)
FN:205,(anonymous_20)
FN:210,(anonymous_21)
FN:212,(anonymous_22)
FNF:19
FNH:7
FNDA:3,(anonymous_4)
FNDA:0,(anonymous_5)
FNDA:0,(anonymous_6)
FNDA:0,(anonymous_7)
FNDA:0,(anonymous_8)
FNDA:0,(anonymous_9)
FNDA:0,(anonymous_10)
FNDA:0,(anonymous_11)
FNDA:0,(anonymous_12)
FNDA:0,(anonymous_13)
FNDA:0,(anonymous_14)
FNDA:0,(anonymous_15)
FNDA:0,(anonymous_16)
FNDA:1,(anonymous_17)
FNDA:1,(anonymous_18)
FNDA:5,(anonymous_19)
FNDA:5,(anonymous_20)
FNDA:5,(anonymous_21)
FNDA:5,(anonymous_22)
DA:10,2
DA:11,2
DA:12,2
DA:16,2
DA:17,2
DA:18,2
DA:19,2
DA:22,2
DA:23,3
DA:27,3
DA:28,3
DA:32,0
DA:33,0
DA:34,0
DA:38,0
DA:39,0
DA:40,0
DA:44,0
DA:45,0
DA:48,0
DA:52,0
DA:54,0
DA:57,0
DA:58,0
DA:61,0
DA:62,0
DA:63,0
DA:64,0
DA:65,0
DA:66,0
DA:69,0
DA:73,0
DA:76,0
DA:79,0
DA:83,0
DA:86,0
DA:89,0
DA:93,0
DA:94,0
DA:95,0
DA:102,0
DA:107,0
DA:108,0
DA:112,0
DA:116,0
DA:117,0
DA:121,0
DA:122,0
DA:123,0
DA:124,0
DA:131,0
DA:132,0
DA:133,0
DA:140,0
DA:151,0
DA:152,0
DA:154,0
DA:157,0
DA:159,0
DA:160,0
DA:163,0
DA:168,0
DA:170,0
DA:184,1
DA:187,1
DA:188,1
DA:195,1
DA:198,1
DA:204,5
DA:205,5
DA:210,5
DA:212,5
DA:217,1
LF:73
LH:21
BRDA:57,0,0,0
BRDA:57,0,1,0
BRDA:147,1,0,0
BRDA:151,2,0,0
BRDA:151,2,1,0
BRF:5
BRH:0
end_of_record
TN:
SF:C:\Users\awint\Documents\Projects\portal-webservice\webservice\src\server\dto\create-server.dto.ts
FNF:0
FNH:0
DA:1,1
DA:2,1
DA:4,1
DA:8,1
DA:12,1
DA:15,1
DA:18,1
DA:21,1
DA:24,1
DA:27,1
DA:31,1
DA:34,1
DA:39,1
DA:44,1
DA:47,1
DA:50,1
DA:53,1
LF:17
LH:17
BRF:0
BRH:0
end_of_record
TN:
SF:C:\Users\awint\Documents\Projects\portal-webservice\webservice\src\server\dto\update-server.dto.ts
FNF:0
FNH:0
DA:1,1
DA:2,1
DA:4,1
DA:6,1
DA:10,1
DA:14,1
DA:17,1
DA:20,1
DA:23,1
DA:26,1
DA:29,1
DA:32,1
DA:35,1
DA:39,1
DA:43,1
DA:46,1
DA:49,1
DA:52,1
LF:18
LH:18
BRF:0
BRH:0
end_of_record
TN:
SF:C:\Users\awint\Documents\Projects\portal-webservice\webservice\src\xmlimport\childprocess.ts
FN:6,(anonymous_0)
FN:13,(anonymous_1)
FN:20,(anonymous_2)
FN:38,(anonymous_3)
FN:58,(anonymous_4)
FN:77,(anonymous_5)
FN:95,(anonymous_6)
FN:113,(anonymous_7)
FNF:8
FNH:2
FNDA:10,(anonymous_0)
FNDA:1,(anonymous_1)
FNDA:0,(anonymous_2)
FNDA:0,(anonymous_3)
FNDA:0,(anonymous_4)
FNDA:0,(anonymous_5)
FNDA:0,(anonymous_6)
FNDA:0,(anonymous_7)
DA:1,2
DA:2,2
DA:3,2
DA:4,2
DA:6,2
DA:7,10
DA:9,10
DA:10,10
DA:14,1
DA:17,1
DA:21,0
DA:22,0
DA:23,0
DA:26,0
DA:27,0
DA:29,0
DA:39,0
DA:40,0
DA:41,0
DA:44,0
DA:47,0
DA:49,0
DA:59,0
DA:60,0
DA:61,0
DA:65,0
DA:66,0
DA:68,0
DA:78,0
DA:79,0
DA:80,0
DA:83,0
DA:84,0
DA:86,0
DA:96,0
DA:97,0
DA:98,0
DA:101,0
DA:102,0
DA:104,0
DA:114,0
DA:116,0
DA:117,0
DA:118,0
DA:119,0
DA:123,0
DA:124,0
DA:126,0
LF:48
LH:10
BRDA:14,0,0,1
BRDA:14,0,1,0
BRDA:116,1,0,0
BRDA:116,1,1,0
BRF:4
BRH:1
end_of_record
TN:
SF:C:\Users\awint\Documents\Projects\portal-webservice\webservice\src\xmlimport\xmlimport.controller.ts
FN:11,(anonymous_4)
FN:14,(anonymous_5)
FN:23,(anonymous_6)
FN:29,(anonymous_7)
FNF:4
FNH:1
FNDA:7,(anonymous_4)
FNDA:0,(anonymous_5)
FNDA:0,(anonymous_6)
FNDA:0,(anonymous_7)
DA:1,1
DA:2,1
DA:3,1
DA:4,1
DA:8,1
DA:9,7
DA:11,7
DA:14,1
DA:18,0
DA:19,0
DA:23,1
DA:24,0
DA:25,0
DA:29,1
DA:30,0
DA:31,0
LF:16
LH:10
BRF:0
BRH:0
end_of_record
TN:
SF:C:\Users\awint\Documents\Projects\portal-webservice\webservice\src\xmlimport\xmlimport.service.ts
FN:20,(anonymous_2)
FN:24,(anonymous_3)
FN:31,(anonymous_4)
FN:39,(anonymous_5)
FN:47,(anonymous_6)
FN:58,(anonymous_7)
FN:60,(anonymous_8)
FN:70,(anonymous_9)
FN:103,(anonymous_10)
FN:117,(anonymous_11)
FN:138,(anonymous_12)
FN:139,(anonymous_13)
FN:140,(anonymous_14)
FN:144,(anonymous_15)
FNF:14
FNH:3
FNDA:7,(anonymous_2)
FNDA:0,(anonymous_3)
FNDA:0,(anonymous_4)
FNDA:0,(anonymous_5)
FNDA:3,(anonymous_6)
FNDA:2,(anonymous_7)
FNDA:0,(anonymous_8)
FNDA:0,(anonymous_9)
FNDA:0,(anonymous_10)
FNDA:0,(anonymous_11)
FNDA:0,(anonymous_12)
FNDA:0,(anonymous_13)
FNDA:0,(anonymous_14)
FNDA:0,(anonymous_15)
DA:1,1
DA:2,1
DA:3,1
DA:4,1
DA:5,1
DA:6,1
DA:10,1
DA:11,7
DA:18,7
DA:20,7
DA:21,7
DA:25,0
DA:26,0
DA:27,0
DA:28,0
DA:32,0
DA:33,0
DA:34,0
DA:35,0
DA:36,0
DA:40,0
DA:41,0
DA:42,0
DA:43,0
DA:44,0
DA:48,3
DA:52,3
DA:55,3
DA:59,2
DA:60,2
DA:61,0
DA:62,0
DA:63,0
DA:66,2
DA:67,2
DA:71,0
DA:73,0
DA:74,0
DA:75,0
DA:79,0
DA:84,0
DA:89,0
DA:91,0
DA:93,0
DA:94,0
DA:96,0
DA:99,0
DA:100,0
DA:104,0
DA:105,0
DA:106,0
DA:107,0
DA:108,0
DA:109,0
DA:110,0
DA:111,0
DA:113,0
DA:114,0
DA:118,0
DA:119,0
DA:120,0
DA:123,0
DA:127,0
DA:128,0
DA:129,0
DA:130,0
DA:131,0
DA:132,0
DA:133,0
DA:134,0
DA:135,0
DA:139,0
DA:140,0
DA:141,0
DA:143,0
DA:144,0
DA:145,0
DA:146,0
DA:151,0
DA:155,0
DA:159,0
LF:81
LH:18
BRDA:61,0,0,0
BRDA:61,0,1,0
BRDA:74,1,0,0
BRDA:74,1,1,0
BRDA:110,2,0,0
BRDA:110,2,1,0
BRDA:145,3,0,0
BRDA:145,3,1,0
BRF:8
BRH:0
end_of_record
TN:
SF:C:\Users\awint\Documents\Projects\portal-webservice\webservice\src\xmlimport\dto\xmlfileimport.dto.ts
FNF:0
FNH:0
DA:1,1
DA:3,1
DA:5,1
DA:8,1
LF:4
LH:4
BRF:0
BRH:0
end_of_record
TN:
SF:C:\Users\awint\Documents\Projects\portal-webservice\webservice\src\xmlwriter\xmlelements.ts
FN:7,(anonymous_0)
FN:11,(anonymous_1)
FN:20,(anonymous_2)
FN:50,(anonymous_3)
FN:74,(anonymous_4)
FN:90,(anonymous_5)
FN:98,(anonymous_6)
FN:108,(anonymous_7)
FN:121,(anonymous_8)
FN:130,(anonymous_9)
FN:139,(anonymous_10)
FNF:11
FNH:0
FNDA:0,(anonymous_0)
FNDA:0,(anonymous_1)
FNDA:0,(anonymous_2)
FNDA:0,(anonymous_3)
FNDA:0,(anonymous_4)
FNDA:0,(anonymous_5)
FNDA:0,(anonymous_6)
FNDA:0,(anonymous_7)
FNDA:0,(anonymous_8)
FNDA:0,(anonymous_9)
FNDA:0,(anonymous_10)
DA:1,4
DA:2,4
DA:4,4
DA:8,0
DA:12,0
DA:16,0
DA:17,0
DA:23,0
DA:24,0
DA:32,0
DA:33,0
DA:40,0
DA:47,0
DA:51,0
DA:55,0
DA:56,0
DA:59,0
DA:60,0
DA:65,0
DA:71,0
DA:75,0
DA:91,0
DA:92,0
DA:93,0
DA:95,0
DA:99,0
DA:109,0
DA:110,0
DA:125,0
DA:131,0
DA:140,0
LF:31
LH:3
BRDA:123,0,0,0
BRDA:139,1,0,0
BRF:2
BRH:0
end_of_record
TN:
SF:C:\Users\awint\Documents\Projects\portal-webservice\webservice\src\xmlwriter\xmlhelper.ts
FN:4,(anonymous_0)
FN:22,(anonymous_1)
FN:40,(anonymous_2)
FN:69,(anonymous_3)
FNF:4
FNH:0
FNDA:0,(anonymous_0)
FNDA:0,(anonymous_1)
FNDA:0,(anonymous_2)
FNDA:0,(anonymous_3)
DA:3,5
DA:12,0
DA:17,0
DA:19,0
DA:30,0
DA:35,0
DA:37,0
DA:46,0
DA:47,0
DA:48,0
DA:49,0
DA:60,0
DA:61,0
DA:62,0
DA:63,0
DA:66,0
DA:70,0
LF:17
LH:1
BRDA:9,0,0,0
BRDA:10,1,0,0
BRDA:24,2,0,0
BRDA:27,3,0,0
BRDA:28,4,0,0
BRDA:44,5,0,0
BRDA:46,6,0,0
BRDA:46,6,1,0
BRDA:60,7,0,0
BRDA:60,7,1,0
BRF:10
BRH:0
end_of_record
TN:
SF:C:\Users\awint\Documents\Projects\portal-webservice\webservice\src\xmlwriter\xmlwriter.service.ts
FN:24,(anonymous_2)
FN:28,(anonymous_3)
FN:34,(anonymous_4)
FN:49,(anonymous_5)
FNF:4
FNH:0
FNDA:0,(anonymous_2)
FNDA:0,(anonymous_3)
FNDA:0,(anonymous_4)
FNDA:0,(anonymous_5)
DA:1,3
DA:2,3
DA:7,3
DA:15,0
DA:25,0
DA:29,0
DA:30,0
DA:31,0
DA:35,0
DA:36,0
DA:38,0
DA:39,0
DA:40,0
DA:41,0
DA:42,0
DA:43,0
DA:44,0
DA:45,0
DA:46,0
DA:50,0
DA:51,0
DA:52,0
DA:53,0
DA:54,0
DA:55,0
LF:25
LH:3
BRF:0
BRH:0
end_of_record
